This is pdfTeX, Version 3.141592653-2.6-1.40.25 (MiKTeX 24.1) (preloaded format=pdflatex 2025.8.28)  28 AUG 2025 14:01
entering extended mode
 restricted \write18 enabled.
 %&-line parsing enabled.
**./main.tex
(main.tex
LaTeX2e <2023-11-01> patch level 1
L3 programming layer <2024-01-04>
(C:\Program Files\MiKTeX\tex/latex/base\book.cls
Document Class: book 2023/05/17 v1.4n Standard LaTeX document class
(C:\Program Files\MiKTeX\tex/latex/base\bk11.clo
File: bk11.clo 2023/05/17 v1.4n Standard LaTeX file (size option)
)
\c@part=\count187
\c@chapter=\count188
\c@section=\count189
\c@subsection=\count190
\c@subsubsection=\count191
\c@paragraph=\count192
\c@subparagraph=\count193
\c@figure=\count194
\c@table=\count195
\abovecaptionskip=\skip48
\belowcaptionskip=\skip49
\bibindent=\dimen140
) (preable.tex
(C:\Program Files\MiKTeX\tex/latex/amsmath\amsmath.sty
Package: amsmath 2023/05/13 v2.17o AMS math features
\@mathmargin=\skip50

For additional information on amsmath, use the `?' option.
(C:\Program Files\MiKTeX\tex/latex/amsmath\amstext.sty
Package: amstext 2021/08/26 v2.01 AMS text

(C:\Program Files\MiKTeX\tex/latex/amsmath\amsgen.sty
File: amsgen.sty 1999/11/30 v2.0 generic functions
\@emptytoks=\toks17
\ex@=\dimen141
))
(C:\Program Files\MiKTeX\tex/latex/amsmath\amsbsy.sty
Package: amsbsy 1999/11/29 v1.2d Bold Symbols
\pmbraise@=\dimen142
)
(C:\Program Files\MiKTeX\tex/latex/amsmath\amsopn.sty
Package: amsopn 2022/04/08 v2.04 operator names
)
\inf@bad=\count196
LaTeX Info: Redefining \frac on input line 234.
\uproot@=\count197
\leftroot@=\count198
LaTeX Info: Redefining \overline on input line 399.
LaTeX Info: Redefining \colon on input line 410.
\classnum@=\count199
\DOTSCASE@=\count266
LaTeX Info: Redefining \ldots on input line 496.
LaTeX Info: Redefining \dots on input line 499.
LaTeX Info: Redefining \cdots on input line 620.
\Mathstrutbox@=\box51
\strutbox@=\box52
LaTeX Info: Redefining \big on input line 722.
LaTeX Info: Redefining \Big on input line 723.
LaTeX Info: Redefining \bigg on input line 724.
LaTeX Info: Redefining \Bigg on input line 725.
\big@size=\dimen143
LaTeX Font Info:    Redeclaring font encoding OML on input line 743.
LaTeX Font Info:    Redeclaring font encoding OMS on input line 744.
\macc@depth=\count267
LaTeX Info: Redefining \bmod on input line 905.
LaTeX Info: Redefining \pmod on input line 910.
LaTeX Info: Redefining \smash on input line 940.
LaTeX Info: Redefining \relbar on input line 970.
LaTeX Info: Redefining \Relbar on input line 971.
\c@MaxMatrixCols=\count268
\dotsspace@=\muskip16
\c@parentequation=\count269
\dspbrk@lvl=\count270
\tag@help=\toks18
\row@=\count271
\column@=\count272
\maxfields@=\count273
\andhelp@=\toks19
\eqnshift@=\dimen144
\alignsep@=\dimen145
\tagshift@=\dimen146
\tagwidth@=\dimen147
\totwidth@=\dimen148
\lineht@=\dimen149
\@envbody=\toks20
\multlinegap=\skip51
\multlinetaggap=\skip52
\mathdisplay@stack=\toks21
LaTeX Info: Redefining \[ on input line 2953.
LaTeX Info: Redefining \] on input line 2954.
)
(C:\Program Files\MiKTeX\tex/latex/amsfonts\amssymb.sty
Package: amssymb 2013/01/14 v3.01 AMS font symbols

(C:\Program Files\MiKTeX\tex/latex/amsfonts\amsfonts.sty
Package: amsfonts 2013/01/14 v3.01 Basic AMSFonts support
\symAMSa=\mathgroup4
\symAMSb=\mathgroup5
LaTeX Font Info:    Redeclaring math symbol \hbar on input line 98.
LaTeX Font Info:    Overwriting math alphabet `\mathfrak' in version `bold'
(Font)                  U/euf/m/n --> U/euf/b/n on input line 106.
))
(C:\Users\fscarp\AppData\Roaming\MiKTeX\tex/latex/jknappen\mathrsfs.sty
Package: mathrsfs 1996/01/01 Math RSFS package v1.0 (jk)
\symrsfs=\mathgroup6
)
(C:\Program Files\MiKTeX\tex/latex/blindtext\blindtext.sty
Package: blindtext 2012/01/06 V2.0 blindtext-Package

(C:\Program Files\MiKTeX\tex/latex/tools\xspace.sty
Package: xspace 2014/10/28 v1.13 Space after command names (DPC,MH)
)
\c@blindtext=\count274
\c@Blindtext=\count275
\c@blind@countparstart=\count276
\blind@countxx=\count277
\blindtext@numBlindtext=\count278
\blind@countyy=\count279
\c@blindlist=\count280
\c@blindlistlevel=\count281
\c@blindlist@level=\count282
\blind@listitem=\count283
\c@blind@listcount=\count284
\c@blind@levelcount=\count285
\blind@mathformula=\count286
\blind@Mathformula=\count287
\c@blind@randomcount=\count288
\c@blind@randommax=\count289
\c@blind@pangramcount=\count290
\c@blind@pangrammax=\count291
)
(C:\Program Files\MiKTeX\tex/latex/graphics\graphicx.sty
Package: graphicx 2021/09/16 v1.2d Enhanced LaTeX Graphics (DPC,SPQR)

(C:\Program Files\MiKTeX\tex/latex/graphics\keyval.sty
Package: keyval 2022/05/29 v1.15 key=value parser (DPC)
\KV@toks@=\toks22
)
(C:\Program Files\MiKTeX\tex/latex/graphics\graphics.sty
Package: graphics 2022/03/10 v1.4e Standard LaTeX Graphics (DPC,SPQR)

(C:\Program Files\MiKTeX\tex/latex/graphics\trig.sty
Package: trig 2021/08/11 v1.11 sin cos tan (DPC)
)
(C:\Program Files\MiKTeX\tex/latex/graphics-cfg\graphics.cfg
File: graphics.cfg 2016/06/04 v1.11 sample graphics configuration
)
Package graphics Info: Driver file: pdftex.def on input line 107.

(C:\Program Files\MiKTeX\tex/latex/graphics-def\pdftex.def
File: pdftex.def 2022/09/22 v1.2b Graphics/color driver for pdftex
))
\Gin@req@height=\dimen150
\Gin@req@width=\dimen151
)
(C:\Program Files\MiKTeX\tex/latex/xcolor\xcolor.sty
Package: xcolor 2023/11/15 v3.01 LaTeX color extensions (UK)

(C:\Program Files\MiKTeX\tex/latex/graphics-cfg\color.cfg
File: color.cfg 2016/01/02 v1.6 sample color configuration
)
Package xcolor Info: Driver file: pdftex.def on input line 274.

(C:\Program Files\MiKTeX\tex/latex/graphics\mathcolor.ltx)
Package xcolor Info: Model `cmy' substituted by `cmy0' on input line 1350.
Package xcolor Info: Model `hsb' substituted by `rgb' on input line 1354.
Package xcolor Info: Model `RGB' extended on input line 1366.
Package xcolor Info: Model `HTML' substituted by `rgb' on input line 1368.
Package xcolor Info: Model `Hsb' substituted by `hsb' on input line 1369.
Package xcolor Info: Model `tHsb' substituted by `hsb' on input line 1370.
Package xcolor Info: Model `HSB' substituted by `hsb' on input line 1371.
Package xcolor Info: Model `Gray' substituted by `gray' on input line 1372.
Package xcolor Info: Model `wave' substituted by `hsb' on input line 1373.
)
(C:\Program Files\MiKTeX\tex/latex/graphics\dvipsnam.def
File: dvipsnam.def 2016/06/17 v3.0m Driver-dependent file (DPC,SPQR)
)
(C:\Users\fscarp\AppData\Roaming\MiKTeX\tex/latex/caption\caption.sty
Package: caption 2023/08/05 v3.6o Customizing captions (AR)

(C:\Users\fscarp\AppData\Roaming\MiKTeX\tex/latex/caption\caption3.sty
Package: caption3 2023/07/31 v2.4d caption3 kernel (AR)
\caption@tempdima=\dimen152
\captionmargin=\dimen153
\caption@leftmargin=\dimen154
\caption@rightmargin=\dimen155
\caption@width=\dimen156
\caption@indent=\dimen157
\caption@parindent=\dimen158
\caption@hangindent=\dimen159
Package caption Info: Standard document class detected.
)
\c@caption@flags=\count292
\c@continuedfloat=\count293
)
(C:\Program Files\MiKTeX\tex/latex/listings\listings.sty
\lst@mode=\count294
\lst@gtempboxa=\box53
\lst@token=\toks23
\lst@length=\count295
\lst@currlwidth=\dimen160
\lst@column=\count296
\lst@pos=\count297
\lst@lostspace=\dimen161
\lst@width=\dimen162
\lst@newlines=\count298
\lst@lineno=\count299
\lst@maxwidth=\dimen163

(C:\Program Files\MiKTeX\tex/latex/listings\lstmisc.sty
File: lstmisc.sty 2023/02/27 1.9 (Carsten Heinz)
\c@lstnumber=\count300
\lst@skipnumbers=\count301
\lst@framebox=\box54
)
(C:\Program Files\MiKTeX\tex/latex/listings\listings.cfg
File: listings.cfg 2023/02/27 1.9 listings configuration
))
Package: listings 2023/02/27 1.9 (Carsten Heinz)

(C:\Program Files\MiKTeX\tex/latex/tools\multicol.sty
Package: multicol 2023/03/30 v1.9f multicolumn formatting (FMi)
\c@tracingmulticols=\count302
\mult@box=\box55
\multicol@leftmargin=\dimen164
\c@unbalance=\count303
\c@collectmore=\count304
\doublecol@number=\count305
\multicoltolerance=\count306
\multicolpretolerance=\count307
\full@width=\dimen165
\page@free=\dimen166
\premulticols=\dimen167
\postmulticols=\dimen168
\multicolsep=\skip53
\multicolbaselineskip=\skip54
\partial@page=\box56
\last@line=\box57
\mc@boxedresult=\box58
\maxbalancingoverflow=\dimen169
\mult@rightbox=\box59
\mult@grightbox=\box60
\mult@firstbox=\box61
\mult@gfirstbox=\box62
\@tempa=\box63
\@tempa=\box64
\@tempa=\box65
\@tempa=\box66
\@tempa=\box67
\@tempa=\box68
\@tempa=\box69
\@tempa=\box70
\@tempa=\box71
\@tempa=\box72
\@tempa=\box73
\@tempa=\box74
\@tempa=\box75
\@tempa=\box76
\@tempa=\box77
\@tempa=\box78
\@tempa=\box79
\@tempa=\box80
\@tempa=\box81
\@tempa=\box82
\@tempa=\box83
\@tempa=\box84
\@tempa=\box85
\@tempa=\box86
\@tempa=\box87
\@tempa=\box88
\@tempa=\box89
\@tempa=\box90
\@tempa=\box91
\@tempa=\box92
\@tempa=\box93
\@tempa=\box94
\@tempa=\box95
\@tempa=\box96
\@tempa=\box97
\@tempa=\box98
\c@minrows=\count308
\c@columnbadness=\count309
\c@finalcolumnbadness=\count310
\last@try=\dimen170
\multicolovershoot=\dimen171
\multicolundershoot=\dimen172
\mult@nat@firstbox=\box99
\colbreak@box=\box100
\mc@col@check@num=\count311
)
(C:\Users\fscarp\AppData\Roaming\MiKTeX\tex/latex/makecell\makecell.sty
Package: makecell 2009/08/03 V0.1e Managing of Tab Column Heads and Cells

(C:\Program Files\MiKTeX\tex/latex/tools\array.sty
Package: array 2023/10/16 v2.5g Tabular extension package (FMi)
\col@sep=\dimen173
\ar@mcellbox=\box101
\extrarowheight=\dimen174
\NC@list=\toks24
\extratabsurround=\skip55
\backup@length=\skip56
\ar@cellbox=\box102
)
\rotheadsize=\dimen175
\c@nlinenum=\count312
\TeXr@lab=\toks25
)
(C:\Users\fscarp\AppData\Roaming\MiKTeX\tex/latex/booktabs\booktabs.sty
Package: booktabs 2020/01/12 v1.61803398 Publication quality tables
\heavyrulewidth=\dimen176
\lightrulewidth=\dimen177
\cmidrulewidth=\dimen178
\belowrulesep=\dimen179
\belowbottomsep=\dimen180
\aboverulesep=\dimen181
\abovetopsep=\dimen182
\cmidrulesep=\dimen183
\cmidrulekern=\dimen184
\defaultaddspace=\dimen185
\@cmidla=\count313
\@cmidlb=\count314
\@aboverulesep=\dimen186
\@belowrulesep=\dimen187
\@thisruleclass=\count315
\@lastruleclass=\count316
\@thisrulewidth=\dimen188
)
(C:\Users\fscarp\AppData\Roaming\MiKTeX\tex/latex/changepage\changepage.sty
Package: changepage 2009/10/20 v1.0c check page and change page layout
\c@cp@cntr=\count317
\cp@tempcnt=\count318
)
(C:\Program Files\MiKTeX\tex/latex/tools\indentfirst.sty
Package: indentfirst 2023/07/02 v1.03 Indent first paragraph (DPC)
)
(C:\Users\fscarp\AppData\Roaming\MiKTeX\tex/latex/geometry\geometry.sty
Package: geometry 2020/01/02 v5.9 Page Geometry

(C:\Program Files\MiKTeX\tex/generic/iftex\ifvtex.sty
Package: ifvtex 2019/10/25 v1.7 ifvtex legacy package. Use iftex instead.

(C:\Program Files\MiKTeX\tex/generic/iftex\iftex.sty
Package: iftex 2022/02/03 v1.0f TeX engine tests
))
\Gm@cnth=\count319
\Gm@cntv=\count320
\c@Gm@tempcnt=\count321
\Gm@bindingoffset=\dimen189
\Gm@wd@mp=\dimen190
\Gm@odd@mp=\dimen191
\Gm@even@mp=\dimen192
\Gm@layoutwidth=\dimen193
\Gm@layoutheight=\dimen194
\Gm@layouthoffset=\dimen195
\Gm@layoutvoffset=\dimen196
\Gm@dimlist=\toks26

(C:\Users\fscarp\AppData\Roaming\MiKTeX\tex/latex/geometry\geometry.cfg))

Package geometry Warning: Over-specification in `h'-direction.
    `width' (540.60236pt) is ignored.


Package geometry Warning: Over-specification in `v'-direction.
    `height' (731.23582pt) is ignored.

(C:\Program Files\MiKTeX\tex/latex/base\fontenc.sty
Package: fontenc 2021/04/29 v2.0v Standard LaTeX package
)
(C:\Users\fscarp\AppData\Roaming\MiKTeX\tex/latex/fancyhdr\fancyhdr.sty
Package: fancyhdr 2025/02/07 v5.2 Extensive control of page headers and footers

\f@nch@headwidth=\skip57
\f@nch@offset@elh=\skip58
\f@nch@offset@erh=\skip59
\f@nch@offset@olh=\skip60
\f@nch@offset@orh=\skip61
\f@nch@offset@elf=\skip62
\f@nch@offset@erf=\skip63
\f@nch@offset@olf=\skip64
\f@nch@offset@orf=\skip65
\f@nch@height=\skip66
\f@nch@footalignment=\skip67
\f@nch@widthL=\skip68
\f@nch@widthC=\skip69
\f@nch@widthR=\skip70
\@temptokenb=\toks27
)
(C:\Users\fscarp\AppData\Roaming\MiKTeX\tex/latex/titlesec\titlesec.sty
Package: titlesec 2025/01/04 v2.17 Sectioning titles
\ttl@box=\box103
\beforetitleunit=\skip71
\aftertitleunit=\skip72
\ttl@plus=\dimen197
\ttl@minus=\dimen198
\ttl@toksa=\toks28
\titlewidth=\dimen199
\titlewidthlast=\dimen256
\titlewidthfirst=\dimen257
)
\fullchapwidth=\skip73

(C:\Users\fscarp\AppData\Roaming\MiKTeX\tex/latex/minitoc\minitoc.sty
Package: minitoc 2018/07/12 v62 Package minitoc

(C:\Users\fscarp\AppData\Roaming\MiKTeX\tex/latex/minitoc\mtcmess.sty
Package: mtcmess 2006/03/14
)
Package minitoc Info: I0001
(minitoc)             *** minitoc package, version 62 ***.
\tf@mtc=\write3
\mtcindent=\skip74
\mtcskipamount=\skip75
Package minitoc Info: I0005
(minitoc)             compatible with hyperref.
Package minitoc Info: I0023
(minitoc)             part level macros available.
Package minitoc Info: I0003
(minitoc)             chapter level macros available.
\mtc@toks=\toks29
\mtc@strutbox=\box104
\mtc@hstrutbox=\box105
Package minitoc Info: I0002
(minitoc)             Autoconfiguration of extensions.
\openout3 = `main.mtc0'.

\openout3 = `main.mtc'.


(main.mtc0)
Package minitoc Info: I0012
(minitoc)             Long extensions (Unix-like) will be used.
Package minitoc Info: I0031
(minitoc)             ==> this version is configured for UNIX-like 
(minitoc)                 (long extensions) file names.
\openout3 = `main.mtc'.

\openout3 = `main.mtc0'.

\c@mtc=\count322
\c@minitocdepth=\count323
\c@ptc=\count324
\c@parttocdepth=\count325
\ptcindent=\skip76
Package minitoc Info: I0010
(minitoc)             The english language is selected.
(minitoc)              on input line 4910.

(C:\Users\fscarp\AppData\Roaming\MiKTeX\tex/latex/minitoc\english.mld
File: english.mld 2006/01/13
)
(C:\Users\fscarp\AppData\Roaming\MiKTeX\tex/latex/minitoc\english.mld
File: english.mld 2006/01/13
))
\fullwidthlen=\skip77

(C:\Users\fscarp\AppData\Roaming\MiKTeX\tex/latex/fullwidth\fullwidth.sty
Package: fullwidth 2011/11/18 v0.1: fullwidth

(C:\Users\fscarp\AppData\Roaming\MiKTeX\tex/latex/kvoptions\kvoptions.sty
Package: kvoptions 2022-06-15 v3.15 Key value format for package options (HO)

(C:\Users\fscarp\AppData\Roaming\MiKTeX\tex/generic/ltxcmds\ltxcmds.sty
Package: ltxcmds 2023-12-04 v1.26 LaTeX kernel commands for general use (HO)
)
(C:\Users\fscarp\AppData\Roaming\MiKTeX\tex/latex/kvsetkeys\kvsetkeys.sty
Package: kvsetkeys 2022-10-05 v1.19 Key value parser (HO)
))
(C:\Program Files\MiKTeX\tex/latex/etoolbox\etoolbox.sty
Package: etoolbox 2020/10/05 v2.5k e-TeX tools for LaTeX (JAW)
\etb@tempcnta=\count326
)
(C:\Users\fscarp\AppData\Roaming\MiKTeX\tex/latex/zref\zref-abspage.sty
Package: zref-abspage 2025-06-08 v2.36 Module abspage for zref (HO)

(C:\Users\fscarp\AppData\Roaming\MiKTeX\tex/latex/zref\zref-base.sty
Package: zref-base 2025-06-08 v2.36 Module base for zref (HO)

(C:\Users\fscarp\AppData\Roaming\MiKTeX\tex/generic/infwarerr\infwarerr.sty
Package: infwarerr 2019/12/03 v1.5 Providing info/warning/error messages (HO)
)
(C:\Users\fscarp\AppData\Roaming\MiKTeX\tex/generic/kvdefinekeys\kvdefinekeys.s
ty
Package: kvdefinekeys 2019-12-19 v1.6 Define keys (HO)
) (C:\Program Files\MiKTeX\tex/generic/pdftexcmds\pdftexcmds.sty
Package: pdftexcmds 2020-06-27 v0.33 Utility functions of pdfTeX for LuaTeX (HO
)
Package pdftexcmds Info: \pdf@primitive is available.
Package pdftexcmds Info: \pdf@ifprimitive is available.
Package pdftexcmds Info: \pdfdraftmode found.
)
(C:\Users\fscarp\AppData\Roaming\MiKTeX\tex/generic/etexcmds\etexcmds.sty
Package: etexcmds 2019/12/15 v1.7 Avoid name clashes with e-TeX commands (HO)
)
(C:\Users\fscarp\AppData\Roaming\MiKTeX\tex/latex/auxhook\auxhook.sty
Package: auxhook 2019-12-17 v1.6 Hooks for auxiliary files (HO)
)
Package zref Info: New property list: main on input line 767.
Package zref Info: New property: default on input line 768.
Package zref Info: New property: page on input line 769.
)
\c@abspage=\count327
Package zref Info: New property: abspage on input line 67.
)
\fwd@width@length=\skip78
\fwd@skipabove@length=\skip79
\fwd@skipbelow@length=\skip80
\fwd@leftmargin@length=\skip81
\fwd@rightmargin@length=\skip82
\fwd@innertopmargin@length=\skip83
\fwd@innerbottommargin@length=\skip84
\fwd@splittopskip@length=\skip85
\fwd@splitbottomskip@length=\skip86
\fwd@outermargin@length=\skip87
\fwd@innermargin@length=\skip88
\fwd@footenotedistance@length=\skip89
\c@fwd@zref@counter=\count328
Package zref Info: New property: fwd@pagevalue on input line 209.
\fwd@freevspace@length=\skip90
)
(C:\Users\fscarp\AppData\Roaming\MiKTeX\tex/latex/adjmulticol\adjmulticol.sty
Package: adjmulticol 2022/05/15 v1.5 Adjusted margins for multicolumn layout
\adjmc@inner=\dimen258
\adjmc@outer=\dimen259
\adjmc@saved@leftmargin=\dimen260
)
(C:\Program Files\MiKTeX\tex/latex/hyperref\hyperref.sty
Package: hyperref 2023-11-26 v7.01g Hypertext links for LaTeX

(C:\Users\fscarp\AppData\Roaming\MiKTeX\tex/generic/pdfescape\pdfescape.sty
Package: pdfescape 2019/12/09 v1.15 Implements pdfTeX's escape features (HO)
)
(C:\Users\fscarp\AppData\Roaming\MiKTeX\tex/latex/hycolor\hycolor.sty
Package: hycolor 2020-01-27 v1.10 Color options for hyperref/bookmark (HO)
)
(C:\Users\fscarp\AppData\Roaming\MiKTeX\tex/latex/letltxmacro\letltxmacro.sty
Package: letltxmacro 2019/12/03 v1.6 Let assignment for LaTeX macros (HO)
)
(C:\Program Files\MiKTeX\tex/latex/hyperref\nameref.sty
Package: nameref 2023-11-26 v2.56 Cross-referencing by name of section

(C:\Users\fscarp\AppData\Roaming\MiKTeX\tex/latex/refcount\refcount.sty
Package: refcount 2019/12/15 v3.6 Data extraction from label references (HO)
)
(C:\Users\fscarp\AppData\Roaming\MiKTeX\tex/generic/gettitlestring\gettitlestri
ng.sty
Package: gettitlestring 2019/12/15 v1.6 Cleanup title references (HO)
)
\c@section@level=\count329
)
\@linkdim=\dimen261
\Hy@linkcounter=\count330
\Hy@pagecounter=\count331
 (C:\Program Files\MiKTeX\tex/latex/hyperref\pd1enc.def
File: pd1enc.def 2023-11-26 v7.01g Hyperref: PDFDocEncoding definition (HO)
Now handling font encoding PD1 ...
... no UTF-8 mapping file for font encoding PD1
)
(C:\Users\fscarp\AppData\Roaming\MiKTeX\tex/generic/intcalc\intcalc.sty
Package: intcalc 2019/12/15 v1.3 Expandable calculations with integers (HO)
)
\Hy@SavedSpaceFactor=\count332

(C:\Program Files\MiKTeX\tex/latex/hyperref\puenc.def
File: puenc.def 2023-11-26 v7.01g Hyperref: PDF Unicode definition (HO)
Now handling font encoding PU ...
... no UTF-8 mapping file for font encoding PU
)
Package hyperref Info: Hyper figures OFF on input line 4181.
Package hyperref Info: Link nesting OFF on input line 4186.
Package hyperref Info: Hyper index ON on input line 4189.
Package hyperref Info: Plain pages OFF on input line 4196.
Package hyperref Info: Backreferencing OFF on input line 4201.
Package hyperref Info: Implicit mode ON; LaTeX internals redefined.
Package hyperref Info: Bookmarks ON on input line 4448.
\c@Hy@tempcnt=\count333

(C:\Program Files\MiKTeX\tex/latex/url\url.sty
\Urlmuskip=\muskip17
Package: url 2013/09/16  ver 3.4  Verb mode for urls, etc.
)
LaTeX Info: Redefining \url on input line 4786.
\XeTeXLinkMargin=\dimen262

(C:\Users\fscarp\AppData\Roaming\MiKTeX\tex/generic/bitset\bitset.sty
Package: bitset 2019/12/09 v1.3 Handle bit-vector datatype (HO)

(C:\Users\fscarp\AppData\Roaming\MiKTeX\tex/generic/bigintcalc\bigintcalc.sty
Package: bigintcalc 2019/12/15 v1.5 Expandable calculations on big integers (HO
)
))
\Fld@menulength=\count334
\Field@Width=\dimen263
\Fld@charsize=\dimen264
Package hyperref Info: Hyper figures OFF on input line 6065.
Package hyperref Info: Link nesting OFF on input line 6070.
Package hyperref Info: Hyper index ON on input line 6073.
Package hyperref Info: backreferencing OFF on input line 6080.
Package hyperref Info: Link coloring OFF on input line 6085.
Package hyperref Info: Link coloring with OCG OFF on input line 6090.
Package hyperref Info: PDF/A mode OFF on input line 6095.
(C:\Program Files\MiKTeX\tex/latex/base\atbegshi-ltx.sty
Package: atbegshi-ltx 2021/01/10 v1.0c Emulation of the original atbegshi
package with kernel methods
)
\Hy@abspage=\count335
\c@Item=\count336
\c@Hfootnote=\count337
)
Package hyperref Info: Driver (autodetected): hpdftex.

(C:\Program Files\MiKTeX\tex/latex/hyperref\hpdftex.def
File: hpdftex.def 2023-11-26 v7.01g Hyperref driver for pdfTeX

(C:\Program Files\MiKTeX\tex/latex/base\atveryend-ltx.sty
Package: atveryend-ltx 2020/08/19 v1.0a Emulation of the original atveryend pac
kage
with kernel methods
)
\HyAnn@Count=\count338
\Fld@listcount=\count339
\c@bookmark@seq@number=\count340

(C:\Users\fscarp\AppData\Roaming\MiKTeX\tex/latex/rerunfilecheck\rerunfilecheck
.sty
Package: rerunfilecheck 2022-07-10 v1.10 Rerun checks for auxiliary files (HO)

(C:\Users\fscarp\AppData\Roaming\MiKTeX\tex/generic/uniquecounter\uniquecounter
.sty
Package: uniquecounter 2019/12/15 v1.4 Provide unlimited unique counter (HO)
)
Package uniquecounter Info: New unique counter `rerunfilecheck' on input line 2
85.
)
\Hy@SectionHShift=\skip91
)
Package hyperref Info: Option `colorlinks' set `true' on input line 166.
) (metadata.tex)
(C:\Program Files\MiKTeX\tex/latex/l3backend\l3backend-pdftex.def
File: l3backend-pdftex.def 2024-01-04 L3 backend support: PDF output (pdfTeX)
\l__color_backend_stack_int=\count341
\l__pdf_internal_box=\box106
) (main.aux)
\openout1 = `main.aux'.

LaTeX Font Info:    Checking defaults for OML/cmm/m/it on input line 5.
LaTeX Font Info:    ... okay on input line 5.
LaTeX Font Info:    Checking defaults for OMS/cmsy/m/n on input line 5.
LaTeX Font Info:    ... okay on input line 5.
LaTeX Font Info:    Checking defaults for OT1/cmr/m/n on input line 5.
LaTeX Font Info:    ... okay on input line 5.
LaTeX Font Info:    Checking defaults for T1/cmr/m/n on input line 5.
LaTeX Font Info:    ... okay on input line 5.
LaTeX Font Info:    Checking defaults for TS1/cmr/m/n on input line 5.
LaTeX Font Info:    ... okay on input line 5.
LaTeX Font Info:    Checking defaults for OMX/cmex/m/n on input line 5.
LaTeX Font Info:    ... okay on input line 5.
LaTeX Font Info:    Checking defaults for U/cmr/m/n on input line 5.
LaTeX Font Info:    ... okay on input line 5.
LaTeX Font Info:    Checking defaults for PD1/pdf/m/n on input line 5.
LaTeX Font Info:    ... okay on input line 5.
LaTeX Font Info:    Checking defaults for PU/pdf/m/n on input line 5.
LaTeX Font Info:    ... okay on input line 5.

(C:\Program Files\MiKTeX\tex/context/base/mkii\supp-pdf.mkii
[Loading MPS to PDF converter (version 2006.09.02).]
\scratchcounter=\count342
\scratchdimen=\dimen265
\scratchbox=\box107
\nofMPsegments=\count343
\nofMParguments=\count344
\everyMPshowfont=\toks30
\MPscratchCnt=\count345
\MPscratchDim=\dimen266
\MPnumerator=\count346
\makeMPintoPDFobject=\count347
\everyMPtoPDFconversion=\toks31
) (C:\Program Files\MiKTeX\tex/latex/epstopdf-pkg\epstopdf-base.sty
Package: epstopdf-base 2020-01-24 v2.11 Base part for package epstopdf
Package epstopdf-base Info: Redefining graphics rule for `.eps' on input line 4
85.

(C:\Program Files\MiKTeX\tex/latex/00miktex\epstopdf-sys.cfg
File: epstopdf-sys.cfg 2021/03/18 v2.0 Configuration of epstopdf for MiKTeX
))
Package caption Info: Begin \AtBeginDocument code.
Package caption Info: changepage package is loaded.
\caption@adjustwidth@hsize=\dimen267
\caption@adjustwidth@linewidth=\dimen268
Package caption Info: hyperref package is loaded.
Package caption Info: listings package is loaded.
Package caption Info: End \AtBeginDocument code.
\c@lstlisting=\count348

*geometry* driver: auto-detecting
*geometry* detected driver: pdftex
*geometry* verbose mode - [ preamble ] result:
* driver: pdftex
* paper: a4paper
* layout: <same size as paper>
* layoutoffset:(h,v)=(0.0pt,0.0pt)
* modes: twoside 
* h-part:(L,W,R)=(71.13188pt, 355.65947pt, 170.71652pt)
* v-part:(T,H,B)=(71.13188pt, 702.78308pt, 71.13188pt)
* \paperwidth=597.50787pt
* \paperheight=845.04684pt
* \textwidth=355.65947pt
* \textheight=702.78308pt
* \oddsidemargin=-1.1381pt
* \evensidemargin=98.44653pt
* \topmargin=-33.0119pt
* \headheight=12.0pt
* \headsep=19.8738pt
* \topskip=11.0pt
* \footskip=27.46295pt
* \marginparwidth=142.26378pt
* \marginparsep=7.0pt
* \columnsep=10.0pt
* \skip\footins=10.0pt plus 4.0pt minus 2.0pt
* \hoffset=0.0pt
* \voffset=0.0pt
* \mag=1000
* \@twocolumnfalse
* \@twosidetrue
* \@mparswitchtrue
* \@reversemarginfalse
* (1in=72.27pt=25.4mm, 1cm=28.453pt)

Package hyperref Info: Link coloring ON on input line 5.
(main.out) (main.out)
\@outlinefile=\write4
\openout4 = `main.out'.

 (customization_mainmatter.tex
\oddmarginwidth=\skip92
\evenmarginwidth=\skip93
) [1{C:/Users/fscarp/AppData/Local/MiKTeX/fonts/map/pdftex/pdftex.map}

] [2


]
LaTeX Font Info:    Trying to load font information for U+msa on input line 11.


(C:\Program Files\MiKTeX\tex/latex/amsfonts\umsa.fd
File: umsa.fd 2013/01/14 v3.01 AMS symbols A
)
LaTeX Font Info:    Trying to load font information for U+msb on input line 11.


(C:\Program Files\MiKTeX\tex/latex/amsfonts\umsb.fd
File: umsb.fd 2013/01/14 v3.01 AMS symbols B
)
LaTeX Font Info:    Trying to load font information for U+rsfs on input line 11
.

(C:\Users\fscarp\AppData\Roaming\MiKTeX\tex/latex/jknappen\ursfs.fd
File: ursfs.fd 1998/03/24 rsfs font definition file (jk)
)
pdfTeX warning (ext4): destination with the same identifier (name{page.1}) has 
been already used, duplicate ignored
<to be read again> 
                   \relax 
l.11 
      [1]
pdfTeX warning (ext4): destination with the same identifier (name{page.2}) has 
been already used, duplicate ignored
<to be read again> 
                   \relax 
l.12 \frontmatter
                  [2


]
Package minitoc Info: I0024
(minitoc)             PREPARING MINITOCS FROM main.toc on input line 15.
Package minitoc Info: I0033
(minitoc)             Writing main.mtc1.
\openout3 = `main.mtc1'.

Package minitoc Info: I0033
(minitoc)             Writing main.mtc2.
\openout3 = `main.mtc2'.

Package minitoc Info: I0033
(minitoc)             Writing main.mtc3.
\openout3 = `main.mtc3'.

Package minitoc Info: I0033
(minitoc)             Writing main.mtc4.
\openout3 = `main.mtc4'.

Package minitoc Info: I0033
(minitoc)             Writing main.mtc5.
\openout3 = `main.mtc5'.

Package minitoc Info: I0033
(minitoc)             Writing main.mtc6.
\openout3 = `main.mtc6'.

Package minitoc Info: I0033
(minitoc)             Writing main.mtc7.
\openout3 = `main.mtc7'.

Package minitoc Info: I0033
(minitoc)             Writing main.mtc8.
\openout3 = `main.mtc8'.

Package minitoc Info: I0033
(minitoc)             Writing main.mtc9.
\openout3 = `main.mtc9'.

Package minitoc Info: I0033
(minitoc)             Writing main.mtc10.
\openout3 = `main.mtc10'.

Package minitoc Info: I0033
(minitoc)             Writing main.mtc11.
\openout3 = `main.mtc11'.

Package minitoc Info: I0033
(minitoc)             Writing main.mtc12.
\openout3 = `main.mtc12'.

LaTeX Font Info:    Trying to load font information for T1+ppl  on input line 1
5.
LaTeX Font Info:    No file T1ppl .fd. on input line 15.


LaTeX Font Warning: Font shape `T1/ppl /bx/n' undefined
(Font)              using `T1/cmr/m/n' instead on input line 15.

(main.toc [1


] [2] [3])
\tf@toc=\write5
\openout5 = `main.toc'.

 [4] (chapters/1_introduction.tex
Chapter 1.
LaTeX Font Info:    Trying to load font information for T1+pbk on input line 1.

LaTeX Font Info:    No file T1pbk.fd. on input line 1.

LaTeX Font Warning: Font shape `T1/pbk/bx/n' undefined
(Font)              using `T1/cmr/m/n' instead on input line 1.

)
pdfTeX warning (ext4): destination with the same identifier (name{page.1}) has 
been already used, duplicate ignored
<to be read again> 
                   \relax 
l.20 \part
          {Theoretical framework} [1




]
pdfTeX warning (ext4): destination with the same identifier (name{page.2}) has 
been already used, duplicate ignored
<to be read again> 
                   \relax 
l.20 \part
          {Theoretical framework} [2


] [3] [4] (chapters/2_electrochemsitry.tex
Chapter 2.
\openout3 = `main.mtc'.

\openout3 = `main.mtc'.

LaTeX Font Info:    Trying to load font information for T1+pbk  on input line 3
.
LaTeX Font Info:    No file T1pbk .fd. on input line 3.

LaTeX Font Warning: Font shape `T1/pbk /m/n' undefined
(Font)              using `T1/cmr/m/n' instead on input line 3.

(main.mtc2) [5


] [6] [7] [8] [9]
Underfull \vbox (badness 10000) has occurred while \output is active []

 [10]
[11]) (chapters/3_batteries.tex [12]
Chapter 3.
\openout3 = `main.mtc'.

\openout3 = `main.mtc'.

(main.mtc3) [13


] [14]
Underfull \vbox (badness 2435) has occurred while \output is active []

 [15]
[16] [17]
Underfull \vbox (badness 4229) has occurred while \output is active []

 [18]
Underfull \vbox (badness 10000) has occurred while \output is active []

 [19]
[20]) (chapters/4_identification_dynamic.tex [21] [22


]
Chapter 4.
\openout3 = `main.mtc'.

\openout3 = `main.mtc'.

(main.mtc4) [23]
Overfull \hbox (15.68396pt too wide) in paragraph at lines 10--11
\T1/ppl /bx/n/10.95 lumped-parameter and distributed-parameter de-scrip-tions. 
Lumped-parameter
 []


Overfull \hbox (10.509pt too wide) in paragraph at lines 10--11
\T1/ppl /bx/n/10.95 tor), yield-ing or-di-nary dif-fer-en-tial equa-tions (ODEs
) in time only. Distributed-
 []

[24] [25] [26] [27]
Overfull \hbox (6.0673pt too wide) in paragraph at lines 96--97
[]\T1/ppl /bx/n/10.95 Frequency-domain: si-nu-soids (one at a time) or broad-ba
nd sig-nals (chirps,
 []


Overfull \hbox (28.25636pt too wide) in paragraph at lines 108--109
[]\T1/ppl /bx/n/10.95 Frequency-domain: FFT (or cross-spectra) and ra-tio for-m
a-tion; Bode/Nyquist
 []


Overfull \hbox (1.14735pt too wide) in paragraph at lines 126--127
[]\T1/ppl /bx/n/10.95 Frequency-domain: impedance spec-troscopy; pre-ci-sion fi
l-ter or con-troller
 []


Overfull \hbox (0.56001pt too wide) in paragraph at lines 129--134
[]\T1/ppl /bx/n/10.95 Beyond single-input/single-output ODEs or trans-fer func-
tions, the state-
 []

[28]

LaTeX Warning: Command \textendash invalid in math mode on input line 138.


Underfull \hbox (badness 10000) in paragraph at lines 145--146

 []

[29]
Underfull \hbox (badness 10000) in paragraph at lines 153--154

 []


Underfull \hbox (badness 10000) in paragraph at lines 154--155

 []

[30]

LaTeX Warning: Command \textperiodcentered invalid in math mode on input line 1
74.


LaTeX Warning: Command \textperiodcentered invalid in math mode on input line 1
74.

Missing character: There is no · in font cmr10!
[31]
Overfull \hbox (24.41402pt too wide) in paragraph at lines 184--185
[]\T1/ppl /bx/n/10.95 Linear-Parameter-Varying (LPV) mod-els, where A,B,C,D de-
pend smoothly
 []

[32] [33]
Overfull \hbox (0.27022pt too wide) in paragraph at lines 230--233
\T1/ppl /bx/n/10.95 When fit-ting the cho-sen model $\OML/cmm/m/it/10.95 G\OT1/
cmr/m/n/10.95 (\OML/cmm/m/it/10.95 !\OT1/cmr/m/n/10.95 ; \OML/cmm/m/it/10.95 ^^
R\OT1/cmr/m/n/10.95 )$ \T1/ppl /bx/n/10.95 to the data, one min-i-mizes a weigh
ted
 []

[34]
Overfull \hbox (8.5326pt too wide) in paragraph at lines 241--250
\T1/ppl /bx/n/10.95 To go be-yond this lo-cal, lin-earized pic-ture, one of-ten
 em-ploys profile-likelihood
 []

[35]
Underfull \vbox (badness 10000) has occurred while \output is active []

 [36]
[37]
Overfull \hbox (29.69994pt too wide) in paragraph at lines 293--294
\T1/ppl /bx/n/10.95 for-mu-lates a linear-parameter-varying (LPV) model whose m
a-tri-ces A(t),B(t),C(t)
 []

[38] [39] [40] [41]
Overfull \hbox (2.16693pt too wide) in paragraph at lines 351--352
\T1/ppl /bx/n/10.95 short, zero-mean ^^Pmother^^Q wavelet, yield-ing a time^^Us
cale (or time^^Ufrequency)
 []

[42]) (chapters/5_dynamic_impedance.tex [43] [44]
Chapter 5.

Package hyperref Warning: Token not allowed in a PDF string (Unicode):
(hyperref)                removing `\\' on input line 1.

Package minitoc Info: I0006
(minitoc)             main.mtc5 is empty on input line 3.

LaTeX Warning: Citation `creasonFourierTransformFaradaic1972' on page 45 undefi
ned on input line 5.


LaTeX Warning: Citation `creasonFourierTransformFaradaic1972b' on page 45 undef
ined on input line 5.


LaTeX Warning: Citation `creasonFourierTransformFaradaic1973a' on page 45 undef
ined on input line 5.


LaTeX Warning: Citation `bondOnlineFFTFaradaic1977' on page 45 undefined on inp
ut line 5.


LaTeX Warning: Citation `popkirovNewImpedanceSpectrometer1992' on page 45 undef
ined on input line 5.


LaTeX Warning: Citation `popkirovValidationExperimentalData1993' on page 45 und
efined on input line 5.


LaTeX Warning: Citation `darowickiFrequencyDispersionHarmonic1995' on page 45 u
ndefined on input line 5.


LaTeX Warning: Citation `haziMicrocomputerbasedInstrumentationMultifrequency199
7' on page 45 undefined on input line 5.


LaTeX Warning: Citation `schieweUnifiedApproachTrace1998' on page 45 undefined 
on input line 5.


LaTeX Warning: Citation `darowickiInfluenceAnalyzingWindow2002' on page 45 unde
fined on input line 6.


LaTeX Warning: Citation `sacciDynamicElectrochemicalImpedance2009' on page 45 u
ndefined on input line 6.


LaTeX Warning: Citation `slepskiOnlineMeasurementCell2009' on page 45 undefined
 on input line 6.


LaTeX Warning: Citation `darowickiInstantaneousImpedanceSpectra2000' on page 45
 undefined on input line 6.


LaTeX Warning: Citation `darowickiTheoreticalDescriptionMeasuring2000' on page 
45 undefined on input line 6.


LaTeX Warning: Citation `breugelmansOddRandomPhase2012' on page 45 undefined on
 input line 7.


LaTeX Warning: Citation `hallemans2023electrochemical' on page 45 undefined on 
input line 7.


LaTeX Warning: Citation `battistel2016analysis' on page 45 undefined on input l
ine 7.


LaTeX Warning: Citation `darowickiDeterminationElectrodeImpedance2004' on page 
45 undefined on input line 7.

)
Underfull \vbox (badness 1484) has occurred while \output is active []

 [45


]

Package fancyhdr Warning: \headheight is too small (14.0pt): 
(fancyhdr)                Make it at least 25.22153pt, for example:
(fancyhdr)                \setlength{\headheight}{25.22153pt}.
(fancyhdr)                You might also make \topmargin smaller:
(fancyhdr)                \addtolength{\topmargin}{-11.22153pt}.

[46] [47


] [48] (chapters/6_acquisition.tex
Chapter 6.
\openout3 = `main.mtc'.

\openout3 = `main.mtc'.

(main.mtc6)
Underfull \hbox (badness 10000) in paragraph at lines 5--6

 []

[49


]
Underfull \hbox (badness 10000) in paragraph at lines 7--12

 []

[50]
Underfull \hbox (badness 10000) in paragraph at lines 21--22

 []

[51]
Underfull \hbox (badness 10000) in paragraph at lines 31--34

 []

[52]
Overfull \hbox (38.76196pt too wide) in paragraph at lines 37--37
|\T1/ppl /bx/n/17.28 DEIStools: a Python ap-pli-ca-tion for dy-namic impedance|
 
 []


Underfull \hbox (badness 10000) in paragraph at lines 38--41

 []


Underfull \vbox (badness 10000) has occurred while \output is active []

 [53]
Underfull \vbox (badness 1303) has occurred while \output is active []

 [54]
Underfull \hbox (badness 10000) in paragraph at lines 48--50

 []


Underfull \hbox (badness 10000) in paragraph at lines 52--53

 []


Overfull \hbox (4.58495pt too wide) in paragraph at lines 58--59
[]\T1/ppl /bx/n/10.95 When work-ing with non-linear sys-tem, the pro-cess of id
en-ti-fi-ca-tion should
 []

[55]
Underfull \hbox (badness 10000) in paragraph at lines 61--63

 []


Underfull \hbox (badness 10000) in paragraph at lines 67--69

 []


Underfull \hbox (badness 10000) in paragraph at lines 73--75

 []


Underfull \hbox (badness 10000) in paragraph at lines 76--77

 []


Underfull \hbox (badness 10000) in paragraph at lines 78--79

 []


Underfull \hbox (badness 10000) in paragraph at lines 80--81

 []


Underfull \hbox (badness 10000) in paragraph at lines 82--83

 []

[56]
Underfull \hbox (badness 10000) in paragraph at lines 86--87

 []


Underfull \hbox (badness 10000) in paragraph at lines 88--89

 []

<figures/harmonics_supporting.png, id=1017, 722.7pt x 433.62pt>
File: figures/harmonics_supporting.png Graphic file (type png)
<use figures/harmonics_supporting.png>
Package pdftex.def Info: figures/harmonics_supporting.png  used on input line 9
3.
(pdftex.def)             Requested size: 355.65947pt x 213.39536pt.

Underfull \hbox (badness 10000) in paragraph at lines 90--98

 []

[57]
Underfull \hbox (badness 10000) in paragraph at lines 102--103

 []

[58 <./figures/harmonics_supporting.png>]
Underfull \hbox (badness 10000) in paragraph at lines 105--106

 []

[59]
<figures/truform_white.jpg, id=1035, 119.12637pt x 119.12637pt>
File: figures/truform_white.jpg Graphic file (type jpg)
<use figures/truform_white.jpg>
Package pdftex.def Info: figures/truform_white.jpg  used on input line 142.
(pdftex.def)             Requested size: 135.15015pt x 135.1511pt.
<figures/truform_black.png, id=1036, 602.25pt x 602.25pt>
File: figures/truform_black.png Graphic file (type png)
<use figures/truform_black.png>
Package pdftex.def Info: figures/truform_black.png  used on input line 142.
(pdftex.def)             Requested size: 135.15015pt x 135.15118pt.


Package caption Warning: The option `hypcap=true' will be ignored for this
(caption)                particular \caption on input line 142.
See the caption package documentation for explanation.

LaTeX Font Info:    Trying to load font information for T1+cmtt on input line 1
47.
(C:\Program Files\MiKTeX\tex/latex/base\t1cmtt.fd
File: t1cmtt.fd 2023/04/13 v2.5m Standard LaTeX font definitions
) [60 <./figures/truform_white.jpg> <./figures/truform_black.png>]
Overfull \hbox (13.30357pt too wide) in paragraph at lines 151--152
\T1/ppl /bx/n/10.95 GitHub page ([][]$\T1/cmtt/m/n/10.95 https : / / github . c
om / federicoscarpioni / TrueFormAWG$[][]\T1/ppl /bx/n/10.95 ). The
 []

[61]

LaTeX Warning: Reference `sec:ADC' on page 62 undefined on input line 175.


Overfull \hbox (2.51494pt too wide) in paragraph at lines 175--176
[]\T1/ppl /bx/n/10.95 the res-o-lu-tion of the analog-to-digital con-verter ex-
pressed in bit (higher
 []

(C:\Program Files\MiKTeX\tex/latex/listings\lstlang1.sty
File: lstlang1.sty 2023/02/27 1.9 listings language file
)

LaTeX Warning: Reference `sec:ADC' on page 62 undefined on input line 184.

[62]
Overfull \hbox (1.4242pt too wide) in paragraph at lines 201--203
\T1/ppl /bx/n/10.95 fully equiped with Fre-quency Re-sponse An-a-lyzer for meas
-ring the impedance
 []

[63]) (chapters/7_analysis.tex [64]
Chapter 7.
\openout3 = `main.mtc'.

\openout3 = `main.mtc'.

(main.mtc7)
Underfull \hbox (badness 10000) in paragraph at lines 14--15

 []


Underfull \vbox (badness 10000) has occurred while \output is active []

 [65


]
Underfull \hbox (badness 10000) in paragraph at lines 16--17

 []


Underfull \hbox (badness 10000) in paragraph at lines 18--20

 []


Underfull \vbox (badness 10000) has occurred while \output is active []

 [66])
[67] [68


] [69] [70] (chapters/8_coin_cells.tex
Chapter 8.

Underfull \hbox (badness 10000) in paragraph at lines 3--4

 []


Underfull \hbox (badness 10000) in paragraph at lines 5--6

 []


Underfull \hbox (badness 10000) in paragraph at lines 14--15

 []

[71


]
Overfull \hbox (17.7539pt too wide) in paragraph at lines 18--20
[]\T1/ppl /bx/n/10.95 The ex-per-i-ment here con-ducted was the mea-sure-ment o
f dy-namic impedance
 []

[72]
Underfull \hbox (badness 10000) in paragraph at lines 33--37

 []

[73]
Overfull \hbox (344.3949pt too wide) in paragraph at lines 69--71
\T1/ppl /bx/n/10.95 point out some ter-mi-nol-ogy dif-fer-ences used in this ch
ap-ter, [][][][][][] 
 []


Overfull \hbox (2.34476pt too wide) in paragraph at lines 73--74
[]\T1/ppl /bx/n/10.95 With the in-tent of demon-strate the re-la-tion-ship be-t
ween the time-varying
 []


Underfull \vbox (badness 1412) has occurred while \output is active []

 [74]
<figures/application4/image1.png, id=1110, 429.7656pt x 329.5512pt>
File: figures/application4/image1.png Graphic file (type png)
<use figures/application4/image1.png>
Package pdftex.def Info: figures/application4/image1.png  used on input line 89
.
(pdftex.def)             Requested size: 284.52866pt x 218.18832pt.
<figures/application4/image2.png, id=1111, 422.0568pt x 335.8146pt>
File: figures/application4/image2.png Graphic file (type png)
<use figures/application4/image2.png>
Package pdftex.def Info: figures/application4/image2.png  used on input line 98
.
(pdftex.def)             Requested size: 284.52866pt x 226.39862pt.

Overfull \hbox (145.57423pt too wide) in paragraph at lines 101--102
[][][][][][][] 
 []

[75 <./figures/application4/image1.png>]
<figures/application4/image3.png, id=1118, 422.0568pt x 316.5426pt>
File: figures/application4/image3.png Graphic file (type png)
<use figures/application4/image3.png>
Package pdftex.def Info: figures/application4/image3.png  used on input line 11
7.
(pdftex.def)             Requested size: 284.52866pt x 213.40587pt.
<figures/application4/image4.PNG, id=1119, 543.53062pt x 371.88937pt>
File: figures/application4/image4.PNG Graphic file (type png)
<use figures/application4/image4.PNG>
Package pdftex.def Info: figures/application4/image4.PNG  used on input line 12
4.
(pdftex.def)             Requested size: 355.65947pt x 243.35382pt.
 [76 <./figures/application4/image2.png>] [77 <./figures/application4/image3.pn
g> <./figures/application4/image4.PNG>]
<figures/application4/image5.PNG, id=1135, 545.03625pt x 356.0803pt>
File: figures/application4/image5.PNG Graphic file (type png)
<use figures/application4/image5.PNG>
Package pdftex.def Info: figures/application4/image5.PNG  used on input line 13
3.
(pdftex.def)             Requested size: 355.65947pt x 232.35683pt.
<figures/application4/image6.PNG, id=1136, 541.27219pt x 334.24875pt>
File: figures/application4/image6.PNG Graphic file (type png)
<use figures/application4/image6.PNG>
Package pdftex.def Info: figures/application4/image6.PNG  used on input line 14
0.
(pdftex.def)             Requested size: 355.65947pt x 219.6358pt.
[78 <./figures/application4/image5.PNG>]
Overfull \hbox (19.02786pt too wide) in paragraph at lines 149--150
[]\T1/ppl /bx/n/10.95 colorboxBurntOrangeDespite be-gin so chal-leng-ing to mea
-sure the impedance
 []

[79 <./figures/application4/image6.PNG>]
Overfull \hbox (47.67215pt too wide) in paragraph at lines 158--161
[][][][][][]
 []

*geometry* verbose mode - [ newgeometry ] result:
* driver: pdftex
* paper: a4paper
* layout: <same size as paper>
* layoutoffset:(h,v)=(0.0pt,0.0pt)
* modes: twoside 
* h-part:(L,W,R)=(71.70166pt, 497.35347pt, 28.45274pt)
* v-part:(T,H,B)=(101.40665pt, 591.5302pt, 152.11pt)
* \paperwidth=597.50787pt
* \paperheight=845.04684pt
* \textwidth=497.35347pt
* \textheight=591.5302pt
* \oddsidemargin=-0.56833pt
* \evensidemargin=-43.81725pt
* \topmargin=-2.73714pt
* \headheight=12.0pt
* \headsep=19.8738pt
* \topskip=11.0pt
* \footskip=27.46295pt
* \marginparwidth=142.26378pt
* \marginparsep=7.0pt
* \columnsep=10.0pt
* \skip\footins=10.0pt plus 4.0pt minus 2.0pt
* \hoffset=0.0pt
* \voffset=0.0pt
* \mag=1000
* \@twocolumnfalse
* \@twosidetrue
* \@mparswitchtrue
* \@reversemarginfalse
* (1in=72.27pt=25.4mm, 1cm=28.453pt)

<figures/application4/image7.png, id=1150, 930.3558pt x 260.6538pt>
File: figures/application4/image7.png Graphic file (type png)
<use figures/application4/image7.png>
Package pdftex.def Info: figures/application4/image7.png  used on input line 16
6.
(pdftex.def)             Requested size: 497.35347pt x 139.33902pt.

LaTeX Warning: `h' float specifier changed to `ht'.

*geometry* verbose mode - [ newgeometry ] result:
* driver: pdftex
* paper: a4paper
* layout: <same size as paper>
* layoutoffset:(h,v)=(0.0pt,0.0pt)
* modes: twoside 
* h-part:(L,W,R)=(71.70166pt, 497.35347pt, 28.45274pt)
* v-part:(T,H,B)=(101.40665pt, 591.5302pt, 152.11pt)
* \paperwidth=597.50787pt
* \paperheight=845.04684pt
* \textwidth=497.35347pt
* \textheight=591.5302pt
* \oddsidemargin=-0.56833pt
* \evensidemargin=-43.81725pt
* \topmargin=-2.73714pt
* \headheight=12.0pt
* \headsep=19.8738pt
* \topskip=11.0pt
* \footskip=27.46295pt
* \marginparwidth=142.26378pt
* \marginparsep=7.0pt
* \columnsep=10.0pt
* \skip\footins=10.0pt plus 4.0pt minus 2.0pt
* \hoffset=0.0pt
* \voffset=0.0pt
* \mag=1000
* \@twocolumnfalse
* \@twosidetrue
* \@mparswitchtrue
* \@reversemarginfalse
* (1in=72.27pt=25.4mm, 1cm=28.453pt)

<figures/application4/image8.png, id=1151, 455.301pt x 271.7352pt>
File: figures/application4/image8.png Graphic file (type png)
<use figures/application4/image8.png>
Package pdftex.def Info: figures/application4/image8.png  used on input line 17
3.
(pdftex.def)             Requested size: 497.35347pt x 296.84474pt.

LaTeX Warning: `h' float specifier changed to `ht'.

<figures/application4/image9.png, id=1152, 277.035pt x 160.4394pt>
File: figures/application4/image9.png Graphic file (type png)
<use figures/application4/image9.png>
Package pdftex.def Info: figures/application4/image9.png  used on input line 18
1.
(pdftex.def)             Requested size: 355.65947pt x 205.97375pt.

LaTeX Warning: `h' float specifier changed to `ht'.


Underfull \vbox (badness 10000) has occurred while \output is active []

 [80]
<figures/application4/image10.png, id=1157, 886.512pt x 338.7054pt>
File: figures/application4/image10.png Graphic file (type png)
<use figures/application4/image10.png>
Package pdftex.def Info: figures/application4/image10.png  used on input line 1
90.
(pdftex.def)             Requested size: 355.65947pt x 135.88287pt.


LaTeX Warning: `h' float specifier changed to `ht'.


Overfull \hbox (9.97531pt too wide) in paragraph at lines 195--196
[]\T1/ppl /bx/n/10.95 The goal of this project is to demon-strate a re-la-tion 
be-tween the impedance
 []


Underfull \vbox (badness 10000) has occurred while \output is active []

 [81




 <./figures/application4/image7.png> <./figures/application4/image8.png>] [82 <
./figures/application4/image9.png> <./figures/application4/image10.png>]
Chapter 9.

Package hyperref Warning: Difference (2) between bookmark levels is greater 
(hyperref)                than one, level fixed on input line 201.

<figures/application5/image1.png, id=1174, 455.301pt x 230.7822pt>
File: figures/application5/image1.png Graphic file (type png)
<use figures/application5/image1.png>
Package pdftex.def Info: figures/application5/image1.png  used on input line 20
8.
(pdftex.def)             Requested size: 355.65947pt x 180.28053pt.

Underfull \vbox (badness 5802) has occurred while \output is active []

 [83


]
<figures/application5/image2.png, id=1180, 455.301pt x 218.7372pt>
File: figures/application5/image2.png Graphic file (type png)
<use figures/application5/image2.png>
Package pdftex.def Info: figures/application5/image2.png  used on input line 21
3.
(pdftex.def)             Requested size: 355.65947pt x 170.8713pt.
<figures/application5/image3.png, id=1181, 455.301pt x 218.7372pt>
File: figures/application5/image3.png Graphic file (type png)
<use figures/application5/image3.png>
Package pdftex.def Info: figures/application5/image3.png  used on input line 21
8.
(pdftex.def)             Requested size: 355.65947pt x 170.8713pt.


LaTeX Warning: `h' float specifier changed to `ht'.

<figures/application5/image4.png, id=1182, 455.301pt x 232.2276pt>
File: figures/application5/image4.png Graphic file (type png)
<use figures/application5/image4.png>
Package pdftex.def Info: figures/application5/image4.png  used on input line 22
3.
(pdftex.def)             Requested size: 355.65947pt x 181.40964pt.

LaTeX Warning: `h' float specifier changed to `ht'.

<figures/application5/image5.png, id=1183, 455.301pt x 232.2276pt>
File: figures/application5/image5.png Graphic file (type png)
<use figures/application5/image5.png>
Package pdftex.def Info: figures/application5/image5.png  used on input line 22
8.
(pdftex.def)             Requested size: 355.65947pt x 181.40964pt.

LaTeX Warning: `h' float specifier changed to `ht'.

<figures/application5/image6.png, id=1184, 455.301pt x 232.2276pt>
File: figures/application5/image6.png Graphic file (type png)
<use figures/application5/image6.png>
Package pdftex.def Info: figures/application5/image6.png  used on input line 23
3.
(pdftex.def)             Requested size: 355.65947pt x 181.40964pt.

LaTeX Warning: `h' float specifier changed to `ht'.

<figures/application5/image7.png, id=1185, 436.5108pt x 319.9152pt>
File: figures/application5/image7.png Graphic file (type png)
<use figures/application5/image7.png>
Package pdftex.def Info: figures/application5/image7.png  used on input line 23
7.
(pdftex.def)             Requested size: 142.26378pt x 104.26408pt.
<figures/application5/image8.png, id=1186, 442.7742pt x 326.6604pt>
File: figures/application5/image8.png Graphic file (type png)
<use figures/application5/image8.png>
Package pdftex.def Info: figures/application5/image8.png  used on input line 23
8.
(pdftex.def)             Requested size: 142.26378pt x 104.95714pt.

LaTeX Warning: `h' float specifier changed to `ht'.

<figures/application5/image9.png, id=1187, 437.9562pt x 326.1786pt>
File: figures/application5/image9.png Graphic file (type png)
<use figures/application5/image9.png>
Package pdftex.def Info: figures/application5/image9.png  used on input line 24
3.
(pdftex.def)             Requested size: 248.96054pt x 185.41606pt.

LaTeX Warning: `h' float specifier changed to `ht'.

) (chapters/9_silicon_carbonitrate.tex [84 <./figures/application5/image1.png> 
<./figures/application5/image2.png>] [85 <./figures/application5/image3.png> <.
/figures/application5/image4.png> <./figures/application5/image5.png>] [86 <./f
igures/application5/image6.png> <./figures/application5/image7.png> <./figures/
application5/image8.png> <./figures/application5/image9.png>]
Chapter 10.

Overfull \hbox (18.13545pt too wide) in paragraph at lines 3--4
[]\T1/ppl /bx/n/10.95 This project is about us-ing the in-for-ma-tion from the 
time-varying impedance
 []


Package hyperref Warning: Difference (2) between bookmark levels is greater 
(hyperref)                than one, level fixed on input line 7.

<figures/application3/image1.png, id=1217, 299.1175pt x 161.60374pt>
File: figures/application3/image1.png Graphic file (type png)
<use figures/application3/image1.png>
Package pdftex.def Info: figures/application3/image1.png  used on input line 12
.
(pdftex.def)             Requested size: 142.26378pt x 76.8612pt.
[87


 <./figures/application3/image1.png (PNG copy)>]
<figures/application3/image2.png, id=1222, 381.425pt x 313.17pt>
File: figures/application3/image2.png Graphic file (type png)
<use figures/application3/image2.png>
Package pdftex.def Info: figures/application3/image2.png  used on input line 18
.
(pdftex.def)             Requested size: 142.26378pt x 116.8029pt.
<figures/application3/image3.png, id=1223, 903.375pt x 821.0675pt>
File: figures/application3/image3.png Graphic file (type png)
<use figures/application3/image3.png>
Package pdftex.def Info: figures/application3/image3.png  used on input line 22
.
(pdftex.def)             Requested size: 355.65947pt x 323.25946pt.
<figures/application3/image4.png, id=1224, 2005.4925pt x 876.27374pt>
File: figures/application3/image4.png Graphic file (type png)
<use figures/application3/image4.png>
Package pdftex.def Info: figures/application3/image4.png  used on input line 26
.
(pdftex.def)             Requested size: 355.65947pt x 155.39594pt.
 [88 <./figures/application3/image3.png (PNG copy)> <./figures/application3/ima
ge2.png (PNG copy)>]
[89 <./figures/application3/image4.png (PNG copy)>]
Overfull \hbox (13.3389pt too wide) in paragraph at lines 44--59
 [][] 
 []

[90]
<figures/application3/image5.1.jpg, id=1241, 237.88875pt x 604.2575pt>
File: figures/application3/image5.1.jpg Graphic file (type jpg)
<use figures/application3/image5.1.jpg>
Package pdftex.def Info: figures/application3/image5.1.jpg  used on input line 
68.
(pdftex.def)             Requested size: 59.75095pt x 151.76474pt.
<figures/application3/image5.2.jpg, id=1242, 439.6425pt x 940.51375pt>
File: figures/application3/image5.2.jpg Graphic file (type jpg)
<use figures/application3/image5.2.jpg>
Package pdftex.def Info: figures/application3/image5.2.jpg  used on input line 
69.
(pdftex.def)             Requested size: 71.13188pt x 152.16435pt.
<figures/application3/image5.3.jpg, id=1243, 963.6pt x 1284.8pt>
File: figures/application3/image5.3.jpg Graphic file (type jpg)
<use figures/application3/image5.3.jpg>
Package pdftex.def Info: figures/application3/image5.3.jpg  used on input line 
70.
(pdftex.def)             Requested size: 113.81102pt x 151.73839pt.
<figures/application3/image6.png, id=1244, 455.301pt x 218.7372pt>
File: figures/application3/image6.png Graphic file (type png)
<use figures/application3/image6.png>
Package pdftex.def Info: figures/application3/image6.png  used on input line 85
.
(pdftex.def)             Requested size: 355.65947pt x 170.8713pt.


LaTeX Warning: `h' float specifier changed to `ht'.

<figures/application3/image7.png, id=1245, 455.301pt x 218.7372pt>
File: figures/application3/image7.png Graphic file (type png)
<use figures/application3/image7.png>
Package pdftex.def Info: figures/application3/image7.png  used on input line 92
.
(pdftex.def)             Requested size: 355.65947pt x 170.8713pt.

LaTeX Warning: `h' float specifier changed to `ht'.

<figures/application3/image8.png, id=1246, 455.301pt x 218.7372pt>
File: figures/application3/image8.png Graphic file (type png)
<use figures/application3/image8.png>
Package pdftex.def Info: figures/application3/image8.png  used on input line 99
.
(pdftex.def)             Requested size: 355.65947pt x 170.8713pt.

LaTeX Warning: `h' float specifier changed to `ht'.

File: figures/application3/image8.png Graphic file (type png)
<use figures/application3/image8.png>
Package pdftex.def Info: figures/application3/image8.png  used on input line 10
6.
(pdftex.def)             Requested size: 355.65947pt x 170.8713pt.

LaTeX Warning: `h' float specifier changed to `ht'.

<figures/application3/image9.png, id=1247, 455.301pt x 218.7372pt>
File: figures/application3/image9.png Graphic file (type png)
<use figures/application3/image9.png>
Package pdftex.def Info: figures/application3/image9.png  used on input line 11
3.
(pdftex.def)             Requested size: 355.65947pt x 170.8713pt.

LaTeX Warning: `h' float specifier changed to `ht'.

<figures/application3/image10.png, id=1248, 455.301pt x 218.7372pt>
File: figures/application3/image10.png Graphic file (type png)
<use figures/application3/image10.png>
Package pdftex.def Info: figures/application3/image10.png  used on input line 1
22.
(pdftex.def)             Requested size: 355.65947pt x 170.8713pt.

LaTeX Warning: `h' float specifier changed to `ht'.

<figures/application3/image11.png, id=1249, 455.301pt x 204.765pt>
File: figures/application3/image11.png Graphic file (type png)
<use figures/application3/image11.png>
Package pdftex.def Info: figures/application3/image11.png  used on input line 1
28.
(pdftex.def)             Requested size: 355.65947pt x 159.95662pt.

LaTeX Warning: `h' float specifier changed to `ht'.

<figures/application3/image12.png, id=1250, 455.301pt x 202.8378pt>
File: figures/application3/image12.png Graphic file (type png)
<use figures/application3/image12.png>
Package pdftex.def Info: figures/application3/image12.png  used on input line 1
33.
(pdftex.def)             Requested size: 355.65947pt x 158.45116pt.

LaTeX Warning: `h' float specifier changed to `ht'.

<figures/application3/image13.png, id=1251, 455.301pt x 218.7372pt>
File: figures/application3/image13.png Graphic file (type png)
<use figures/application3/image13.png>
Package pdftex.def Info: figures/application3/image13.png  used on input line 1
38.
(pdftex.def)             Requested size: 355.65947pt x 170.8713pt.

LaTeX Warning: `h' float specifier changed to `ht'.

<figures/application3/image14.png, id=1252, 455.301pt x 219.219pt>
File: figures/application3/image14.png Graphic file (type png)
<use figures/application3/image14.png>
Package pdftex.def Info: figures/application3/image14.png  used on input line 1
43.
(pdftex.def)             Requested size: 355.65947pt x 171.24768pt.

LaTeX Warning: `h' float specifier changed to `ht'.

<figures/application3/image15.png, id=1253, 455.301pt x 218.7372pt>
File: figures/application3/image15.png Graphic file (type png)
<use figures/application3/image15.png>
Package pdftex.def Info: figures/application3/image15.png  used on input line 1
50.
(pdftex.def)             Requested size: 355.65947pt x 170.8713pt.

Underfull \vbox (badness 4205) has occurred while \output is active []

 [91 <./figures/application3/image5.1.jpg> <./figures/application3/image5.2.jpg
> <./figures/application3/image5.3.jpg>]

LaTeX Warning: `h' float specifier changed to `ht'.

<figures/application3/image16.png, id=1259, 455.301pt x 218.7372pt>
File: figures/application3/image16.png Graphic file (type png)
<use figures/application3/image16.png>
Package pdftex.def Info: figures/application3/image16.png  used on input line 1
57.
(pdftex.def)             Requested size: 355.65947pt x 170.8713pt.

LaTeX Warning: `h' float specifier changed to `ht'.

<figures/application3/image17.png, id=1260, 455.301pt x 218.7372pt>
File: figures/application3/image17.png Graphic file (type png)
<use figures/application3/image17.png>
Package pdftex.def Info: figures/application3/image17.png  used on input line 1
64.
(pdftex.def)             Requested size: 355.65947pt x 170.8713pt.

LaTeX Warning: `h' float specifier changed to `ht'.

<figures/application3/image18.png, id=1261, 455.301pt x 218.7372pt>
File: figures/application3/image18.png Graphic file (type png)
<use figures/application3/image18.png>
Package pdftex.def Info: figures/application3/image18.png  used on input line 1
71.
(pdftex.def)             Requested size: 355.65947pt x 170.8713pt.

LaTeX Warning: `h' float specifier changed to `ht'.

<figures/application3/image19.png, id=1262, 455.301pt x 218.7372pt>
File: figures/application3/image19.png Graphic file (type png)
<use figures/application3/image19.png>
Package pdftex.def Info: figures/application3/image19.png  used on input line 1
78.
(pdftex.def)             Requested size: 355.65947pt x 170.8713pt.

LaTeX Warning: `h' float specifier changed to `ht'.

<figures/application3/image20.png, id=1263, 455.301pt x 218.7372pt>
File: figures/application3/image20.png Graphic file (type png)
<use figures/application3/image20.png>
Package pdftex.def Info: figures/application3/image20.png  used on input line 1
85.
(pdftex.def)             Requested size: 355.65947pt x 170.8713pt.

LaTeX Warning: `h' float specifier changed to `ht'.

) (chapters/10_lithium_sodium_iron_phosophate.tex [92 <./figures/application3/i
mage6.png> <./figures/application3/image7.png>] [93 <./figures/application3/ima
ge8.png> <./figures/application3/image9.png>] [94 <./figures/application3/image
10.png> <./figures/application3/image11.png> <./figures/application3/image12.pn
g> <./figures/application3/image13.png>] [95 <./figures/application3/image14.pn
g> <./figures/application3/image15.png> <./figures/application3/image16.png>]
[96 <./figures/application3/image17.png> <./figures/application3/image18.png> <
./figures/application3/image19.png>] [97 <./figures/application3/image20.png>]
[98


]
Chapter 11.

Package hyperref Warning: Difference (2) between bookmark levels is greater 
(hyperref)                than one, level fixed on input line 5.

<figures/application2/image1.png, id=1324, 279.9258pt x 187.4202pt>
File: figures/application2/image1.png Graphic file (type png)
<use figures/application2/image1.png>
Package pdftex.def Info: figures/application2/image1.png  used on input line 9.

(pdftex.def)             Requested size: 142.26378pt x 95.2513pt.
<figures/application2/image2.png, id=1325, 851.18pt x 662.475pt>
File: figures/application2/image2.png Graphic file (type png)
<use figures/application2/image2.png>
Package pdftex.def Info: figures/application2/image2.png  used on input line 15
.
(pdftex.def)             Requested size: 142.26378pt x 110.71886pt.

LaTeX Warning: Marginpar on page 99 moved.

[99 <./figures/application2/image1.png> <./figures/application2/image2.png (PNG
 copy)>]
<figures/application2/image3.png, id=1331, 993.7125pt x 648.4225pt>
File: figures/application2/image3.png Graphic file (type png)
<use figures/application2/image3.png>
Package pdftex.def Info: figures/application2/image3.png  used on input line 24
.
(pdftex.def)             Requested size: 360.0pt x 234.90614pt.


Package fullwidth inside float 
 fullwidth uses option nobreak Warning: \def  on input line 25.


Package fullwidth Warning: The environment is empty
(fullwidth)                 on input line 25.

[100 <./figures/application2/image3.png (PNG copy)>])
(chapters/11_capacitors.tex [101] [102


]
Chapter 12.

Package hyperref Warning: Difference (2) between bookmark levels is greater 
(hyperref)                than one, level fixed on input line 6.

<figures/image1.png, id=1345, 827.09pt x 502.87875pt>
File: figures/image1.png Graphic file (type png)
<use figures/image1.png>
Package pdftex.def Info: figures/image1.png  used on input line 16.
(pdftex.def)             Requested size: 142.26378pt x 86.49345pt.

Underfull \vbox (badness 4699) has occurred while \output is active []

 [103]
<figures/image2.png, id=1350, 739.76375pt x 713.66624pt>
File: figures/image2.png Graphic file (type png)
<use figures/image2.png>
Package pdftex.def Info: figures/image2.png  used on input line 22.
(pdftex.def)             Requested size: 142.26378pt x 137.24232pt.
<figures/image3.png, id=1351, 916.42375pt x 562.1pt>
File: figures/image3.png Graphic file (type png)
<use figures/image3.png>
Package pdftex.def Info: figures/image3.png  used on input line 32.
(pdftex.def)             Requested size: 355.65947pt x 218.146pt.


LaTeX Warning: `h' float specifier changed to `ht'.

<figures/image4.png, id=1352, 440.64626pt x 407.5225pt>
File: figures/image4.png Graphic file (type png)
<use figures/image4.png>
Package pdftex.def Info: figures/image4.png  used on input line 40.
(pdftex.def)             Requested size: 142.26378pt x 131.56645pt.
[104 <./figures/image1.png (PNG copy)> <./figures/image2.png (PNG copy)> <./fig
ures/image4.png (PNG copy)>]) [105 <./figures/image3.png (PNG copy)>] [106]
Package minitoc Info: I0009
(minitoc)             Listing minitoc auxiliary files. 
(minitoc)             Creating the main.maf file.
\openout3 = `main.maf'.


(main.aux)
 ***********
LaTeX2e <2023-11-01> patch level 1
L3 programming layer <2024-01-04>
 ***********


LaTeX Font Warning: Some font shapes were not available, defaults substituted.


LaTeX Warning: There were undefined references.

Package rerunfilecheck Info: File `main.out' has not changed.
(rerunfilecheck)             Checksum: 17783705A1137B3A9CF688927E7A915B;26682.
 ) 
Here is how much of TeX's memory you used:
 18832 strings out of 474486
 302072 string characters out of 5753567
 1944542 words of memory out of 5000000
 40490 multiletter control sequences out of 15000+600000
 584652 words of font info for 104 fonts, out of 8000000 for 9000
 1141 hyphenation exceptions out of 8191
 81i,16n,82p,2787b,1197s stack positions out of 10000i,1000n,20000p,200000b,200000s
 <C:\Users\fscarp\AppData\Local\MiKTeX\fonts/pk/ljfour/jknappen/ec/dpi600\ect
t1095.pk> <C:\Users\fscarp\AppData\Local\MiKTeX\fonts/pk/ljfour/jknappen/ec/dpi
600\ecbx1000.pk> <C:\Users\fscarp\AppData\Local\MiKTeX\fonts/pk/ljfour/jknappen
/ec/dpi600\ecrm0900.pk> <C:\Users\fscarp\AppData\Local\MiKTeX\fonts/pk/ljfour/j
knappen/ec/dpi600\ecrm0600.pk> <C:\Users\fscarp\AppData\Local\MiKTeX\fonts/pk/l
jfour/jknappen/ec/dpi600\ecrm0800.pk> <C:\Users\fscarp\AppData\Local\MiKTeX\fon
ts/pk/ljfour/jknappen/ec/dpi600\ecti1095.pk> <C:\Users\fscarp\AppData\Local\MiK
TeX\fonts/pk/ljfour/jknappen/ec/dpi600\tcrm1095.pk> <C:\Users\fscarp\AppData\Lo
cal\MiKTeX\fonts/pk/ljfour/jknappen/ec/dpi600\ecrm1440.pk> <C:\Users\fscarp\App
Data\Local\MiKTeX\fonts/pk/ljfour/jknappen/ec/dpi600\ecrm1000.pk> <C:\Users\fsc
arp\AppData\Local\MiKTeX\fonts/pk/ljfour/jknappen/ec/dpi600\ecbx2488.pk> <C:\Us
ers\fscarp\AppData\Local\MiKTeX\fonts/pk/ljfour/jknappen/ec/dpi600\ecbx2074.pk>
 <C:\Users\fscarp\AppData\Local\MiKTeX\fonts/pk/ljfour/jknappen/ec/dpi600\ecbx1
200.pk> <C:\Users\fscarp\AppData\Local\MiKTeX\fonts/pk/ljfour/jknappen/ec/dpi60
0\ecbx1095.pk> <C:\Users\fscarp\AppData\Local\MiKTeX\fonts/pk/ljfour/jknappen/e
c/dpi600\ecrm2488.pk> <C:\Users\fscarp\AppData\Local\MiKTeX\fonts/pk/ljfour/jkn
appen/ec/dpi600\ecrm1200.pk> <C:\Users\fscarp\AppData\Local\MiKTeX\fonts/pk/ljf
our/jknappen/ec/dpi600\ecrm1728.pk> <C:\Users\fscarp\AppData\Local\MiKTeX\fonts
/pk/ljfour/jknappen/ec/dpi600\ecrm1095.pk><C:/Program Files/MiKTeX/fonts/type1/
public/amsfonts/cm/cmex10.pfb><C:/Program Files/MiKTeX/fonts/type1/public/amsfo
nts/cm/cmmi10.pfb><C:/Program Files/MiKTeX/fonts/type1/public/amsfonts/cm/cmmi6
.pfb><C:/Program Files/MiKTeX/fonts/type1/public/amsfonts/cm/cmmi8.pfb><C:/Prog
ram Files/MiKTeX/fonts/type1/public/amsfonts/cm/cmr10.pfb><C:/Program Files/MiK
TeX/fonts/type1/public/amsfonts/cm/cmr8.pfb><C:/Program Files/MiKTeX/fonts/type
1/public/amsfonts/cm/cmsy10.pfb><C:/Program Files/MiKTeX/fonts/type1/public/ams
fonts/cm/cmsy8.pfb><C:/Program Files/MiKTeX/fonts/type1/public/amsfonts/symbols
/msbm10.pfb>
Output written on main.pdf (114 pages, 9219657 bytes).
PDF statistics:
 2051 PDF objects out of 2073 (max. 8388607)
 301 named destinations out of 1000 (max. 500000)
 1344 words of extra memory for PDF output out of 10000 (max. 10000000)

