\BOOKMARK [0][-]{chapter.1}{\376\377\000I\000n\000t\000r\000o\000d\000u\000c\000t\000i\000o\000n}{}% 1
\BOOKMARK [-1][-]{part.1}{\376\377\000I\000\040\000T\000h\000e\000o\000r\000e\000t\000i\000c\000a\000l\000\040\000f\000r\000a\000m\000e\000w\000o\000r\000k}{}% 2
\BOOKMARK [0][-]{chapter.2}{\376\377\000E\000l\000e\000c\000t\000r\000o\000c\000h\000e\000m\000s\000i\000t\000r\000y}{part.1}% 3
\BOOKMARK [1][-]{section*.2}{\376\377\000T\000h\000e\000r\000m\000o\000d\000y\000n\000a\000m\000i\000c\000s}{chapter.2}% 4
\BOOKMARK [2][-]{subsection*.3}{\376\377\000T\000h\000e\000\040\000o\000r\000i\000g\000i\000n\000\040\000o\000f\000\040\000t\000h\000e\000\040\000c\000h\000e\000m\000i\000c\000a\000l\000\040\000p\000o\000t\000e\000n\000t\000i\000a\000l}{section*.2}% 5
\BOOKMARK [2][-]{subsection*.4}{\376\377\000T\000h\000e\000\040\000e\000l\000e\000c\000t\000r\000o\000c\000h\000e\000m\000i\000c\000a\000l\000\040\000p\000o\000t\000e\000n\000t\000i\000a\000l\000\040\000a\000s\000\040\000a\000\040\000f\000u\000n\000c\000t\000i\000o\000n\000\040\000o\000f\000\040\000c\000o\000n\000c\000n\000e\000t\000r\000a\000t\000i\000o\000n\000\040\000a\000n\000d\000\040\000t\000e\000m\000p\000e\000r\000a\000t\000u\000r\000e}{section*.2}% 6
\BOOKMARK [2][-]{subsection*.5}{\376\377\000M\000e\000a\000s\000u\000r\000i\000n\000g\000\040\000t\000h\000e\000\040\000e\000l\000e\000c\000t\000r\000o\000c\000h\000e\000m\000i\000c\000a\000l\000\040\000p\000o\000t\000e\000n\000t\000i\000a\000l}{section*.2}% 7
\BOOKMARK [2][-]{subsection*.6}{\376\377\000T\000h\000e\000\040\000e\000f\000f\000e\000c\000t\000\040\000o\000f\000\040\000t\000h\000e\000\040\000p\000H\000\040\000a\000n\000d\000\040\000t\000e\000m\000p\000e\000r\000a\000t\000u\000r\000e\000\040\000\050\000t\000h\000e\000\040\000P\000a\000u\000r\000b\000a\000x\000\040\000d\000i\000a\000g\000r\000a\000m\000\051}{section*.2}% 8
\BOOKMARK [1][-]{section*.7}{\376\377\000K\000i\000n\000e\000t\000i\000c\000s}{chapter.2}% 9
\BOOKMARK [2][-]{subsection*.8}{\376\377\000D\000o\000u\000b\000l\000e\000\040\000l\000a\000y\000e\000r\000\040\000s\000t\000r\000u\000c\000t\000u\000r\000e}{section*.7}% 10
\BOOKMARK [1][-]{section*.9}{\376\377\000E\000l\000e\000c\000t\000r\000o\000c\000h\000e\000m\000i\000c\000a\000l\000\040\000m\000e\000t\000h\000o\000d\000s}{chapter.2}% 11
\BOOKMARK [2][-]{subsection*.10}{\376\377\000T\000h\000r\000e\000e\000\040\000e\000l\000e\000c\000t\000r\000o\000d\000e\000\040\000c\000e\000l\000l\000s}{section*.9}% 12
\BOOKMARK [1][-]{section*.11}{\376\377\000E\000l\000e\000c\000t\000r\000o\000c\000h\000e\000m\000i\000c\000a\000l\000\040\000i\000m\000p\000e\000d\000a\000n\000c\000e\000\040\000s\000p\000e\000c\000t\000r\000o\000s\000c\000o\000p\000y}{chapter.2}% 13
\BOOKMARK [2][-]{subsection*.12}{\376\377\000R\000e\000s\000i\000s\000t\000a\000n\000c\000e\000\040\000a\000n\000d\000\040\000i\000m\000p\000e\000d\000a\000n\000c\000e}{section*.11}% 14
\BOOKMARK [2][-]{subsection*.13}{\376\377\000P\000a\000s\000s\000i\000v\000e\000\040\000e\000l\000e\000m\000e\000n\000t\000s}{section*.11}% 15
\BOOKMARK [2][-]{subsection*.17}{\376\377\000I\000m\000p\000e\000d\000a\000n\000c\000e\000\040\000o\000f\000\040\000s\000i\000m\000p\000l\000e\000\040\000c\000i\000r\000c\000u\000i\000t\000s}{section*.11}% 16
\BOOKMARK [2][-]{subsection*.19}{\376\377\000G\000r\000a\000p\000h\000i\000c\000\040\000r\000e\000p\000p\000r\000e\000s\000e\000n\000t\000a\000t\000i\000o\000n\000\040\000o\000f\000\040\000t\000h\000e\000\040\000i\000m\000p\000e\000d\000a\000n\000c\000e}{section*.11}% 17
\BOOKMARK [0][-]{chapter.3}{\376\377\000B\000a\000t\000t\000e\000r\000i\000e\000s}{part.1}% 18
\BOOKMARK [1][-]{section*.20}{\376\377\000N\000o\000n\000-\000r\000e\000c\000h\000a\000r\000g\000i\000b\000l\000e\000\040\000b\000a\000t\000t\000r\000i\000e\000s}{chapter.3}% 19
\BOOKMARK [1][-]{section*.21}{\376\377\000A\000\040\000b\000r\000i\000e\000f\000\040\000h\000y\000s\000t\000o\000r\000i\000c\000a\000l\000\040\000o\000v\000e\000r\000v\000i\000e\000w}{chapter.3}% 20
\BOOKMARK [1][-]{section*.22}{\376\377\000P\000e\000r\000f\000o\000r\000m\000a\000n\000c\000e\000\040\000o\000f\000\040\000b\000a\000t\000t\000e\000r\000i\000e\000s}{chapter.3}% 21
\BOOKMARK [1][-]{section*.23}{\376\377\000S\000e\000c\000o\000n\000d\000a\000r\000y\000\040\000b\000a\000t\000t\000e\000r\000i\000e\000s}{chapter.3}% 22
\BOOKMARK [1][-]{section*.24}{\376\377\000T\000h\000e\000\040\000c\000h\000o\000i\000c\000e\000\040\000o\000f\000\040\000m\000e\000t\000a\000l\000l\000i\000c\000\040\000i\000o\000n\000\040\000f\000o\000r\000\040\000s\000h\000u\000t\000t\000l\000i\000n\000g}{chapter.3}% 23
\BOOKMARK [1][-]{section*.25}{\376\377\000E\000l\000e\000c\000t\000r\000o\000l\000y\000t\000e\000s}{chapter.3}% 24
\BOOKMARK [1][-]{section*.26}{\376\377\000S\000t\000a\000t\000e\000\040\000o\000f\000\040\000t\000h\000e\000\040\000a\000r\000t\000\040\000o\000f\000\040\000L\000i\000-\000i\000o\000n\000\040\000b\000a\000t\000t\000e\000r\000i\000e\000s}{chapter.3}% 25
\BOOKMARK [2][-]{subsection*.27}{\376\377\000P\000o\000s\000i\000t\000i\000v\000e\000\040\000e\000l\000e\000c\000t\000r\000o\000d\000e\000s}{section*.26}% 26
\BOOKMARK [2][-]{subsection*.28}{\376\377\000G\000r\000a\000p\000h\000i\000t\000e\000\040\000a\000s\000\040\000n\000e\000g\000a\000t\000i\000v\000e\000\040\000e\000l\000e\000c\000t\000r\000o\000d\000e}{section*.26}% 27
\BOOKMARK [2][-]{subsection*.29}{\376\377\000T\000h\000e\000\040\000s\000o\000l\000i\000d\000-\000e\000l\000e\000c\000t\000r\000o\000l\000y\000t\000e\000\040\000i\000n\000t\000e\000r\000f\000a\000c\000e}{section*.26}% 28
\BOOKMARK [2][-]{subsection*.30}{\376\377\000S\000o\000l\000i\000d\000\040\000e\000l\000e\000c\000t\000r\000o\000l\000y\000t\000e\000s}{section*.26}% 29
\BOOKMARK [1][-]{section*.31}{\376\377\000O\000n\000\040\000t\000h\000e\000\040\000n\000o\000m\000e\000n\000c\000l\000a\000t\000u\000r\000e}{chapter.3}% 30
\BOOKMARK [1][-]{section*.32}{\376\377\000M\000a\000n\000i\000f\000a\000c\000t\000u\000r\000i\000n\000g\000\040\000o\000f\000\040\000b\000a\000t\000t\000e\000r\000i\000e\000s}{chapter.3}% 31
\BOOKMARK [1][-]{section*.33}{\376\377\000B\000a\000t\000t\000e\000r\000y\000\040\000d\000e\000g\000r\000a\000d\000a\000t\000i\000o\000n}{chapter.3}% 32
\BOOKMARK [1][-]{section*.34}{\376\377\000E\000l\000e\000c\000t\000r\000o\000c\000h\000e\000m\000i\000c\000a\000l\000\040\000c\000h\000a\000r\000a\000c\000t\000e\000r\000i\000z\000a\000t\000i\000o\000n\000\040\000o\000f\000\040\000b\000a\000t\000t\000e\000r\000i\000e\000s}{chapter.3}% 33
\BOOKMARK [1][-]{section*.35}{\376\377\000F\000a\000s\000t\000\040\000c\000h\000a\000r\000g\000i\000n\000g}{chapter.3}% 34
\BOOKMARK [0][-]{chapter.4}{\376\377\000I\000d\000e\000n\000t\000i\000f\000i\000c\000a\000t\000i\000o\000n\000\040\000o\000f\000\040\000d\000y\000n\000a\000m\000i\000c\000a\000l\000\040\000s\000y\000s\000t\000e\000m\000s}{part.1}% 35
\BOOKMARK [1][-]{section*.36}{\376\377\000D\000e\000f\000i\000n\000i\000t\000i\000o\000n\000\040\000o\000f\000\040\000s\000y\000s\000t\000e\000m\000\040\000a\000n\000d\000\040\000p\000r\000o\000p\000e\000r\000t\000i\000e\000s}{chapter.4}% 36
\BOOKMARK [2][-]{subsection*.37}{\376\377\000M\000o\000d\000e\000l\000i\000n\000g\000\040\000w\000i\000t\000h\000\040\000d\000i\000f\000f\000e\000r\000e\000n\000t\000i\000a\000l\000\040\000e\000q\000u\000a\000t\000i\000o\000n\000s}{section*.36}% 37
\BOOKMARK [2][-]{subsection*.38}{\376\377\000T\000r\000a\000n\000s\000f\000e\000r\000\040\000f\000u\000n\000c\000t\000i\000o\000n}{section*.36}% 38
\BOOKMARK [2][-]{subsection*.39}{\376\377\000K\000r\000a\000m\000e\000r\000s\000-\000K\000r\000o\000n\000i\000n\000g\000\040\000r\000e\000l\000a\000t\000i\000o\000n\000s\000h\000i\000p}{section*.36}% 39
\BOOKMARK [2][-]{subsection*.40}{\376\377\000T\000i\000m\000e\000-\000d\000o\000m\000a\000i\000n\000\040\000r\000e\000s\000p\000o\000n\000s\000e}{section*.36}% 40
\BOOKMARK [2][-]{subsection*.41}{\376\377\000F\000r\000e\000q\000u\000e\000n\000c\000y\000-\000d\000o\000m\000a\000i\000n\000\040\000r\000e\000s\000p\000o\000n\000s\000e}{section*.36}% 41
\BOOKMARK [2][-]{subsection*.42}{\376\377\000S\000t\000a\000t\000e\000-\000s\000p\000a\000c\000e\000\040\000f\000o\000r\000m\000u\000l\000a\000t\000i\000o\000n}{section*.36}% 42
\BOOKMARK [2][-]{subsection*.43}{\376\377\000M\000o\000d\000e\000l\000\040\000p\000a\000r\000a\000m\000e\000t\000e\000r\000s\000\040\000a\000n\000d\000\040\000o\000r\000d\000e\000r}{section*.36}% 43
\BOOKMARK [2][-]{subsection*.44}{\376\377\000N\000o\000n\000-\000l\000i\000n\000e\000a\000r\000\040\000s\000y\000s\000t\000e\000m\000s}{section*.36}% 44
\BOOKMARK [2][-]{subsection*.45}{\376\377\000N\000o\000n\000-\000s\000t\000a\000t\000i\000o\000n\000a\000r\000y\000\040\000s\000y\000s\000t\000e\000m\000s}{section*.36}% 45
\BOOKMARK [1][-]{section*.46}{\376\377\000S\000y\000s\000t\000e\000m\000\040\000i\000d\000e\000n\000t\000i\000f\000i\000c\000a\000t\000i\000o\000n\000\040\000i\000n\000\040\000t\000h\000e\000\040\000f\000r\000e\000q\000u\000e\000n\000c\000y\000\040\000d\000o\000m\000a\000i\000n}{chapter.4}% 46
\BOOKMARK [2][-]{subsection*.47}{\376\377\000D\000e\000f\000i\000n\000i\000t\000i\000o\000n}{section*.46}% 47
\BOOKMARK [2][-]{subsection*.48}{\376\377\000E\000x\000c\000i\000t\000a\000t\000i\000o\000n\000\040\000s\000i\000g\000n\000a\000l\000s}{section*.46}% 48
\BOOKMARK [2][-]{subsection*.49}{\376\377\000P\000a\000r\000a\000m\000e\000t\000e\000r\000s\000\040\000e\000s\000t\000i\000m\000a\000t\000i\000o\000n}{section*.46}% 49
\BOOKMARK [2][-]{subsection*.50}{\376\377\000M\000o\000d\000e\000l\000\040\000s\000e\000l\000e\000c\000t\000i\000o\000n\000\040\000a\000n\000d\000\040\000v\000a\000l\000i\000d\000a\000t\000i\000o\000n}{section*.46}% 50
\BOOKMARK [2][-]{subsection*.51}{\376\377\000M\000o\000d\000e\000l\000\040\000s\000e\000l\000e\000c\000t\000i\000o\000n\000\040\000c\000r\000i\000t\000e\000r\000i\000a}{section*.46}% 51
\BOOKMARK [2][-]{subsection*.52}{\376\377\000I\000d\000e\000n\000t\000i\000f\000i\000c\000a\000t\000i\000o\000n\000\040\000i\000n\000\040\000n\000o\000n\000-\000s\000t\000a\000t\000i\000o\000n\000a\000r\000y\000\040\000c\000a\000s\000e}{section*.46}% 52
\BOOKMARK [1][-]{section*.53}{\376\377\000D\000i\000g\000i\000t\000a\000l\000\040\000s\000i\000g\000n\000a\000l\000\040\000p\000r\000o\000c\000e\000s\000s\000i\000n\000g}{chapter.4}% 53
\BOOKMARK [2][-]{subsection*.54}{\376\377\000D\000i\000g\000i\000t\000a\000l\000\040\000s\000a\000m\000p\000l\000i\000n\000g}{section*.53}% 54
\BOOKMARK [2][-]{subsection*.55}{\376\377\000D\000i\000s\000c\000r\000e\000t\000e\000\040\000F\000o\000u\000r\000i\000e\000r\000\040\000T\000r\000a\000n\000s\000f\000o\000r\000m}{section*.53}% 55
\BOOKMARK [2][-]{subsection*.57}{\376\377\000N\000o\000i\000s\000e}{section*.53}% 56
\BOOKMARK [2][-]{subsection*.58}{\376\377\000W\000a\000v\000e\000l\000e\000t\000s\000\040\000m\000e\000t\000h\000o\000d}{section*.53}% 57
\BOOKMARK [2][-]{subsection*.59}{\376\377\000F\000i\000l\000t\000e\000r\000s}{section*.53}% 58
\BOOKMARK [2][-]{subsection*.60}{\376\377\000R\000e\000m\000o\000v\000a\000l\000\040\000o\000f\000\040\000t\000r\000e\000n\000d\000s}{section*.53}% 59
\BOOKMARK [2][-]{subsection*.61}{\376\377\000S\000i\000g\000n\000a\000l\000\040\000s\000y\000n\000t\000h\000e\000s\000i\000s}{section*.53}% 60
\BOOKMARK [2][-]{subsection*.63}{\376\377\000F\000u\000r\000t\000h\000e\000r\000\040\000r\000e\000s\000o\000u\000r\000c\000e\000s}{section*.53}% 61
\BOOKMARK [0][-]{chapter.5}{\376\377\000D\000y\000n\000a\000m\000i\000c\000\040\000E\000l\000e\000c\000t\000r\000o\000c\000h\000e\000m\000i\000c\000a\000l\000\040\000I\000m\000p\000e\000d\000a\000n\000c\000e\000\040\000s\000p\000e\000c\000t\000r\000o\000s\000c\000o\000p\000y\000:\000\040\000s\000t\000a\000t\000e\000\040\000o\000f\000\040\000t\000h\000e\000\040\000a\000r\000t}{part.1}% 62
\BOOKMARK [-1][-]{part.2}{\376\377\000I\000I\000\040\000M\000e\000t\000h\000o\000d\000o\000l\000o\000g\000i\000e\000s}{}% 63
\BOOKMARK [0][-]{chapter.6}{\376\377\000A\000c\000q\000u\000i\000s\000i\000t\000i\000o\000n\000\040\000o\000f\000\040\000n\000o\000n\000-\000s\000t\000a\000t\000i\000o\000n\000a\000r\000y\000\040\000i\000m\000p\000e\000d\000a\000n\000c\000e}{part.2}% 64
\BOOKMARK [1][-]{section*.64}{\376\377\000M\000u\000l\000t\000i\000-\000f\000r\000e\000q\000u\000e\000n\000c\000y\000\040\000d\000a\000t\000a\000\040\000a\000c\000q\000u\000i\000s\000i\000t\000i\000o\000n}{chapter.6}% 65
\BOOKMARK [2][-]{subsection*.65}{\376\377\000D\000e\000s\000c\000r\000i\000p\000t\000i\000o\000n\000\040\000o\000f\000\040\000t\000h\000e\000\040\000s\000e\000t\000-\000u\000p}{section*.64}% 66
\BOOKMARK [1][-]{section*.66}{\376\377\000A\000u\000t\000o\000m\000a\000t\000i\000o\000n\000\040\000o\000f\000\040\000t\000h\000e\000\040\000a\000c\000q\000u\000i\000s\000i\000t\000i\000o\000n\000\040\000f\000o\000r\000\040\000b\000a\000t\000t\000e\000r\000i\000e\000s}{chapter.6}% 67
\BOOKMARK [2][-]{subsection*.67}{\376\377\000P\000r\000o\000b\000l\000e\000m\000\040\000s\000t\000a\000t\000e\000m\000e\000n\000t}{section*.66}% 68
\BOOKMARK [2][-]{subsection*.68}{\376\377\000S\000o\000f\000t\000w\000a\000r\000e\000\040\000s\000o\000l\000u\000t\000i\000o\000n}{section*.66}% 69
\BOOKMARK [2][-]{subsection*.69}{\376\377\000D\000e\000s\000i\000g\000n\000\040\000p\000r\000i\000n\000c\000i\000p\000l\000e}{section*.66}% 70
\BOOKMARK [1][-]{section*.70}{\376\377\000A\000u\000t\000o\000m\000a\000t\000i\000c\000\040\000c\000a\000l\000c\000u\000l\000a\000t\000i\000o\000n\000\040\000o\000f\000\040\000t\000h\000e\000\040\000i\000m\000p\000e\000d\000a\000n\000c\000e}{chapter.6}% 71
\BOOKMARK [1][-]{section*.71}{\376\377\000D\000E\000I\000S\000t\000o\000o\000l\000s\000:\000\040\000a\000\040\000P\000y\000t\000h\000o\000n\000\040\000a\000p\000p\000l\000i\000c\000a\000t\000i\000o\000n\000\040\000f\000o\000r\000\040\000d\000y\000n\000a\000m\000i\000c\000\040\000i\000m\000p\000e\000d\000a\000n\000c\000e}{chapter.6}% 72
\BOOKMARK [2][-]{subsection*.72}{\376\377\000S\000o\000f\000t\000w\000a\000r\000e\000\040\000l\000i\000m\000i\000t\000s}{section*.71}% 73
\BOOKMARK [1][-]{section*.73}{\376\377\000M\000u\000l\000t\000i\000-\000s\000i\000n\000e\000\040\000d\000e\000s\000i\000g\000n}{chapter.6}% 74
\BOOKMARK [2][-]{subsection*.74}{\376\377\000F\000r\000e\000q\000u\000e\000n\000c\000i\000e\000s\000\040\000s\000e\000l\000e\000c\000t\000i\000o\000n}{section*.73}% 75
\BOOKMARK [2][-]{subsection*.75}{\376\377\000A\000m\000p\000l\000i\000t\000u\000d\000e\000\040\000o\000p\000t\000i\000m\000i\000z\000a\000t\000i\000o\000n}{section*.73}% 76
\BOOKMARK [2][-]{subsection*.76}{\376\377\000P\000h\000a\000s\000e\000\040\000o\000p\000t\000i\000m\000i\000z\000a\000t\000i\000o\000n}{section*.73}% 77
\BOOKMARK [2][-]{subsection*.77}{\376\377\000M\000u\000l\000t\000i\000-\000s\000i\000n\000e\000\040\000s\000p\000l\000i\000t\000t\000i\000n\000g}{section*.73}% 78
\BOOKMARK [2][-]{subsection*.79}{\376\377\000S\000o\000f\000t\000w\000a\000r\000e}{section*.73}% 79
\BOOKMARK [1][-]{section*.80}{\376\377\000I\000m\000p\000e\000d\000a\000n\000c\000e\000\040\000e\000s\000t\000i\000m\000a\000t\000i\000o\000n}{chapter.6}% 80
\BOOKMARK [1][-]{section*.81}{\376\377\000O\000l\000d\000\040\000p\000a\000r\000t}{chapter.6}% 81
\BOOKMARK [2][-]{subsection*.82}{\376\377\000A\000r\000b\000i\000t\000r\000a\000r\000y\000\040\000w\000a\000v\000e\000f\000o\000r\000m\000\040\000g\000e\000n\000e\000r\000a\000t\000o\000r}{section*.81}% 82
\BOOKMARK [1][-]{section*.83}{\376\377\000M\000u\000l\000t\000i\000-\000s\000i\000n\000e\000\040\000d\000e\000s\000i\000g\000n}{chapter.6}% 83
\BOOKMARK [2][-]{subsection*.84}{\376\377\000R\000u\000n\000n\000i\000n\000g\000\040\000t\000h\000e\000\040\000m\000u\000l\000t\000i\000-\000s\000i\000n\000e\000\040\000i\000n\000\040\000t\000h\000e\000\040\000w\000a\000v\000e\000f\000o\000r\000m\000\040\000g\000e\000n\000e\000r\000a\000t\000o\000r}{section*.83}% 84
\BOOKMARK [2][-]{subsection*.85}{\376\377\000D\000i\000g\000i\000t\000a\000l\000\040\000a\000c\000q\000u\000i\000s\000i\000t\000i\000o\000n\000\040\000d\000e\000v\000i\000c\000e}{section*.83}% 85
\BOOKMARK [1][-]{section*.86}{\376\377\000C\000o\000n\000n\000e\000c\000t\000i\000n\000g\000\040\000c\000e\000l\000l\000s\000\040\000i\000n\000\040\000t\000h\000r\000e\000e\000-\000e\000l\000e\000c\000t\000r\000o\000d\000e\000\040\000c\000o\000n\000f\000i\000g\000u\000r\000a\000t\000i\000o\000n}{chapter.6}% 86
\BOOKMARK [1][-]{section*.87}{\376\377\000E\000l\000e\000c\000t\000r\000o\000c\000h\000e\000m\000i\000c\000a\000l\000\040\000d\000e\000v\000i\000c\000e\000s}{chapter.6}% 87
\BOOKMARK [1][-]{section*.88}{\376\377\000C\000o\000n\000n\000e\000c\000t\000i\000n\000g\000\040\000t\000h\000e\000\040\000d\000e\000v\000i\000c\000e\000\040\000a\000n\000d\000\040\000a\000c\000q\000u\000i\000r\000i\000n\000g\000\040\000t\000h\000e\000\040\000s\000i\000g\000n\000a\000l\000s\000:\000\040\000s\000e\000t\000-\000u\000p\000\040\000v\000e\000r\000s\000i\000o\000n\000\040\0001}{chapter.6}% 88
\BOOKMARK [1][-]{section*.89}{\376\377\000A\000u\000t\000o\000m\000a\000t\000i\000c\000\040\000c\000y\000c\000l\000i\000n\000g\000\040\000w\000i\000t\000h}{chapter.6}% 89
\BOOKMARK [0][-]{chapter.7}{\376\377\000A\000n\000a\000l\000y\000s\000i\000s\000\040\000o\000f\000\040\000i\000m\000p\000e\000d\000a\000n\000c\000e}{part.2}% 90
\BOOKMARK [1][-]{section*.90}{\376\377\000P\000a\000r\000a\000m\000e\000t\000r\000i\000c\000\040\000m\000o\000d\000e\000l\000s}{chapter.7}% 91
\BOOKMARK [2][-]{subsection*.91}{\376\377\000P\000h\000y\000s\000i\000c\000a\000l\000\040\000m\000o\000d\000e\000l}{section*.90}% 92
\BOOKMARK [2][-]{subsection*.92}{\376\377\000T\000r\000a\000n\000s\000f\000e\000r\000\040\000f\000u\000n\000c\000t\000i\000o\000n\000\040\000m\000o\000d\000e\000l}{section*.90}% 93
\BOOKMARK [1][-]{section*.93}{\376\377\000S\000i\000m\000u\000l\000t\000a\000n\000e\000o\000u\000s\000\040\000f\000i\000t\000t\000i\000n\000g}{chapter.7}% 94
\BOOKMARK [2][-]{subsection*.94}{\376\377\000F\000i\000t\000t\000i\000n\000g\000\040\000e\000r\000r\000o\000r}{section*.93}% 95
\BOOKMARK [1][-]{section*.95}{\376\377\000D\000e\000t\000e\000r\000m\000i\000n\000a\000t\000i\000o\000n\000\040\000o\000f\000\040\000t\000h\000e\000\040\000s\000y\000s\000t\000e\000m\000\040\000d\000e\000g\000r\000e\000e\000s\000\040\000o\000f\000\040\000f\000r\000e\000e\000d\000o\000m}{chapter.7}% 96
\BOOKMARK [1][-]{section*.96}{\376\377\000D\000e\000t\000e\000r\000m\000i\000n\000i\000n\000g\000\040\000t\000r\000a\000n\000s\000f\000e\000r\000\040\000f\000u\000n\000c\000t\000i\000o\000n\000\040\000s\000t\000r\000u\000c\000t\000u\000r\000e}{chapter.7}% 97
\BOOKMARK [-1][-]{part.3}{\376\377\000I\000I\000I\000\040\000R\000e\000s\000u\000l\000t\000s\000\040\000a\000n\000d\000\040\000d\000i\000s\000c\000u\000s\000s\000i\000o\000n\000s}{}% 98
\BOOKMARK [0][-]{chapter.8}{\376\377\000C\000o\000i\000n\000\040\000c\000e\000l\000l\000s}{part.3}% 99
\BOOKMARK [1][-]{section*.97}{\376\377\000M\000e\000t\000h\000o\000d}{chapter.8}% 100
\BOOKMARK [2][-]{subsection*.98}{\376\377\000C\000y\000c\000l\000i\000n\000g\000\040\000t\000e\000s\000t}{section*.97}% 101
\BOOKMARK [2][-]{subsection*.99}{\376\377\000O\000p\000e\000r\000a\000n\000d\000o\000\040\000a\000c\000q\000u\000i\000s\000i\000t\000i\000o\000n\000\040\000o\000f\000\040\000s\000t\000a\000t\000i\000n\000g\000\040\000i\000m\000p\000e\000d\000a\000n\000c\000e}{section*.97}% 102
\BOOKMARK [2][-]{subsection*.100}{\376\377\000R\000e\000a\000l\000\040\000t\000i\000m\000e\000\040\000a\000c\000q\000u\000i\000s\000i\000t\000i\000o\000n\000\040\000o\000f\000\040\000d\000y\000n\000a\000m\000i\000c\000\040\000i\000m\000p\000e\000d\000a\000n\000c\000e}{section*.97}% 103
\BOOKMARK [2][-]{subsection*.101}{\376\377\000A\000n\000a\000l\000y\000s\000i\000s\000\040\000o\000f\000\040\000i\000m\000p\000e\000d\000a\000n\000c\000e\000\040\000d\000a\000t\000a}{section*.97}% 104
\BOOKMARK [1][-]{section*.102}{\376\377\000R\000e\000s\000u\000l\000t\000s}{chapter.8}% 105
\BOOKMARK [1][-]{section*.103}{\376\377\000D\000i\000s\000c\000u\000s\000s\000i\000o\000n}{chapter.8}% 106
\BOOKMARK [2][-]{subsection*.104}{\376\377\000C\000h\000o\000i\000c\000e\000\040\000o\000f\000\040\000t\000h\000e\000\040\000c\000e\000l\000l}{section*.103}% 107
\BOOKMARK [2][-]{subsection*.105}{\376\377\000P\000e\000r\000f\000o\000r\000m\000a\000n\000c\000e\000\040\000t\000e\000s\000t\000\040\000o\000f\000\040\000t\000h\000e\000\040\000c\000e\000l\000l}{section*.103}% 108
\BOOKMARK [2][-]{subsection*.107}{\376\377\000S\000t\000a\000t\000i\000c\000\040\000i\000m\000p\000e\000d\000a\000n\000c\000e\000\040\000e\000v\000a\000l\000u\000a\000t\000i\000o\000n}{section*.103}% 109
\BOOKMARK [2][-]{subsection*.109}{\376\377\000T\000i\000m\000e\000-\000v\000a\000r\000y\000i\000n\000g\000\040\000i\000m\000p\000e\000d\000a\000n\000c\000e\000\040\000a\000c\000q\000u\000i\000s\000i\000t\000i\000o\000n}{section*.103}% 110
\BOOKMARK [2][-]{subsection*.114}{\376\377\000r\000e\000g\000r\000e\000s\000s\000i\000o\000n\000\040\000o\000f\000\040\000r\000a\000t\000i\000o\000n\000a\000l\000\040\000p\000o\000l\000y\000n\000o\000m\000i\000a\000l}{section*.103}% 111
\BOOKMARK [2][-]{subsection*.119}{\376\377\000A\000s\000s\000o\000c\000i\000a\000t\000i\000n\000g\000\040\000m\000e\000a\000s\000u\000r\000e\000m\000e\000n\000t\000\040\000v\000a\000l\000u\000e\000s\000\040\000w\000i\000t\000h\000\040\000b\000a\000t\000t\000e\000r\000y\000\040\000s\000t\000a\000t\000e}{section*.103}% 112
\BOOKMARK [0][-]{chapter.9}{\376\377\000I\000d\000e\000n\000t\000i\000f\000y\000\040\000l\000i\000t\000h\000i\000u\000m\000\040\000p\000l\000a\000t\000i\000n\000g\000\040\000o\000n\000\040\000g\000r\000a\000p\000h\000i\000t\000e}{part.3}% 113
\BOOKMARK [1][-]{subsection*.120}{\376\377\000C\000e\000l\000l\000\040\000a\000s\000s\000e\000m\000b\000l\000i\000n\000g}{chapter.9}% 114
\BOOKMARK [2][-]{subsection*.121}{\376\377\000T\000i\000m\000e\000-\000v\000a\000r\000y\000i\000n\000g\000\040\000i\000m\000p\000e\000d\000a\000n\000c\000e\000\040\000m\000e\000a\000s\000u\000r\000e\000m\000e\000n\000t\000s}{subsection*.120}% 115
\BOOKMARK [0][-]{chapter.10}{\376\377\000D\000i\000s\000c\000r\000i\000m\000i\000n\000a\000t\000i\000n\000g\000\040\000s\000o\000d\000i\000u\000m\000\040\000s\000t\000o\000r\000a\000g\000e\000\040\000m\000e\000c\000h\000a\000n\000i\000s\000m\000s}{part.3}% 116
\BOOKMARK [1][-]{subsection*.130}{\376\377\000S\000i\000l\000i\000c\000o\000n\000\040\000c\000a\000r\000b\000o\000n\000i\000t\000r\000i\000d\000e}{chapter.10}% 117
\BOOKMARK [2][-]{subsection*.131}{\376\377\000S\000t\000o\000r\000a\000g\000e\000\040\000m\000e\000c\000h\000a\000n\000i\000s\000m\000s}{subsection*.130}% 118
\BOOKMARK [2][-]{subsection*.134}{\376\377\000C\000e\000l\000l\000\040\000h\000o\000u\000s\000i\000n\000g\000\040\000f\000o\000r\000\040\000t\000h\000r\000e\000e\000\040\000e\000l\000e\000c\000t\000r\000o\000d\000e\000s\000\040\000a\000n\000d\000\040\000o\000p\000t\000i\000m\000i\000z\000a\000t\000i\000o\000n}{subsection*.130}% 119
\BOOKMARK [2][-]{subsection*.136}{\376\377\000M\000i\000c\000r\000o\000s\000c\000o\000p\000i\000c\000\040\000r\000e\000f\000e\000r\000e\000n\000c\000e\000\040\000e\000l\000e\000c\000t\000r\000o\000d\000e\000\040\000o\000f\000\040\000s\000o\000d\000i\000u\000m}{subsection*.130}% 120
\BOOKMARK [2][-]{subsection*.138}{\376\377\000T\000i\000m\000e\000-\000v\000a\000r\000y\000i\000n\000g\000\040\000i\000m\000p\000e\000d\000a\000n\000c\000e}{subsection*.130}% 121
\BOOKMARK [2][-]{subsection*.144}{\376\377\000S\000o\000d\000i\000u\000m\000\040\000e\000l\000e\000c\000t\000r\000o\000d\000e\000p\000o\000s\000i\000t\000i\000o\000n\000\040\000o\000n\000\040\000s\000o\000d\000i\000u\000m\000\040\000s\000u\000b\000s\000t\000r\000a\000t\000e}{subsection*.130}% 122
\BOOKMARK [2][-]{subsection*.150}{\376\377\000T\000i\000m\000e\000-\000V\000a\000r\000y\000i\000n\000g\000\040\000i\000m\000p\000e\000d\000a\000n\000c\000e\000\040\000d\000u\000r\000i\000n\000g\000\040\000S\000E\000I\000\040\000f\000o\000r\000m\000a\000t\000i\000o\000n}{subsection*.130}% 123
\BOOKMARK [0][-]{chapter.11}{\376\377\000S\000t\000u\000d\000y\000i\000n\000g\000\040\000i\000n\000t\000e\000r\000c\000a\000l\000a\000t\000i\000o\000n}{part.3}% 124
\BOOKMARK [1][-]{subsection*.157}{\376\377\000M\000a\000t\000e\000r\000i\000a\000l\000s\000\040\000a\000n\000d\000\040\000c\000e\000l\000l\000\040\000a\000s\000s\000e\000m\000b\000l\000y}{chapter.11}% 125
\BOOKMARK [2][-]{subsection*.158}{\376\377\000M\000e\000a\000s\000u\000r\000e\000m\000e\000n\000t\000\040\000s\000e\000t\000-\000u\000p}{subsection*.157}% 126
\BOOKMARK [2][-]{subsection*.159}{\376\377\000P\000h\000y\000s\000i\000c\000a\000l\000\040\000m\000o\000d\000e\000l\000\040\000f\000o\000r\000\040\000i\000n\000t\000e\000r\000c\000a\000l\000a\000t\000i\000o\000n}{subsection*.157}% 127
\BOOKMARK [2][-]{subsection*.160}{\376\377\000R\000e\000s\000u\000l\000t\000s\000\040\000a\000n\000d\000\040\000d\000i\000s\000c\000u\000s\000s\000i\000o\000n\000s}{subsection*.157}% 128
\BOOKMARK [1][-]{section*.161}{\376\377\000C\000o\000m\000m\000e\000n\000t}{chapter.11}% 129
\BOOKMARK [0][-]{chapter.12}{\376\377\000S\000t\000u\000d\000y\000i\000n\000g\000\040\000n\000o\000n\000-\000F\000a\000r\000a\000d\000i\000c\000\040\000r\000e\000a\000c\000t\000i\000o\000n\000\040\000i\000n\000\040\000s\000y\000m\000m\000e\000t\000r\000i\000c\000\040\000c\000e\000l\000l}{part.3}% 130
\BOOKMARK [1][-]{subsection*.162}{\376\377\000M\000a\000t\000e\000r\000i\000a\000l\000s\000\040\000a\000n\000d\000\040\000c\000e\000l\000l\000\040\000a\000s\000s\000e\000m\000b\000l\000i\000n\000g}{chapter.12}% 131
\BOOKMARK [2][-]{subsection*.163}{\376\377\000R\000e\000f\000e\000r\000e\000n\000c\000e\000\040\000e\000l\000e\000c\000t\000r\000o\000d\000e\000\040\000a\000n\000d\000\040\000p\000o\000s\000i\000t\000i\000o\000n\000\040\000i\000n\000\040\000t\000h\000e\000\040\000s\000t\000a\000c\000k}{subsection*.162}% 132
\BOOKMARK [2][-]{subsection*.165}{\376\377\000P\000h\000y\000s\000i\000c\000a\000l\000\040\000m\000o\000d\000e\000l}{subsection*.162}% 133
\BOOKMARK [2][-]{subsection*.166}{\376\377\000R\000e\000s\000u\000l\000t\000s\000\040\000a\000n\000d\000\040\000d\000i\000s\000c\000u\000s\000s\000i\000o\000n\000s}{subsection*.162}% 134
\BOOKMARK [2][-]{subsection*.168}{\376\377\000Q\000u\000a\000n\000t\000i\000t\000a\000t\000i\000v\000e\000\040\000i\000n\000t\000e\000r\000p\000r\000e\000t\000a\000t\000i\000o\000n\000\040\000o\000f\000\040\000t\000h\000e\000\040\000i\000m\000p\000e\000d\000a\000n\000c\000e}{subsection*.162}% 135
\BOOKMARK [2][-]{subsection*.169}{\376\377\000R\000e\000m\000a\000r\000k\000s}{subsection*.162}% 136
